=== Starting FREQ=${FREQ} ===
rm -f ./results/asap7/cv32e40p_500/base/1_* ./results/asap7/cv32e40p_500/base/mem*.json
rm -f ./reports/asap7/cv32e40p_500/base/synth_*
rm -f ./logs/asap7/cv32e40p_500/base/1_*
rm -f 
rm -f ./results/asap7/cv32e40p_500/base/clock_period.txt
rm -f ./results/asap7/cv32e40p_500/base/2_*floorplan*.odb ./results/asap7/cv32e40p_500/base/2_floorplan.sdc ./results/asap7/cv32e40p_500/base/2_*.v ./results/asap7/cv32e40p_500/base/2_*.def
rm -f ./reports/asap7/cv32e40p_500/base/2_*
rm -f ./logs/asap7/cv32e40p_500/base/2_*
mkdir -p results/asap7/cv32e40p_500/base/
echo 2000 > results/asap7/cv32e40p_500/base/clock_period.txt
/OpenROAD-flow-scripts/flow/scripts/synth.sh /OpenROAD-flow-scripts/flow/scripts/synth_canonicalize.tcl ./logs/asap7/cv32e40p_500/base/1_1_yosys_canonicalize.log
Using ABC speed script.
Extracting clock period from SDC file: ./results/asap7/cv32e40p_500/base/clock_period.txt
Setting clock period to 2000
1. Executing Liberty frontend: /OpenROAD-flow-scripts/flow/platforms/asap7/lib/NLDM/asap7sc7p5t_AO_RVT_FF_nldm_211120.lib.gz
2. Executing Liberty frontend: /OpenROAD-flow-scripts/flow/platforms/asap7/lib/NLDM/asap7sc7p5t_INVBUF_RVT_FF_nldm_220122.lib.gz
3. Executing Liberty frontend: /OpenROAD-flow-scripts/flow/platforms/asap7/lib/NLDM/asap7sc7p5t_OA_RVT_FF_nldm_211120.lib.gz
4. Executing Liberty frontend: /OpenROAD-flow-scripts/flow/platforms/asap7/lib/NLDM/asap7sc7p5t_SIMPLE_RVT_FF_nldm_211120.lib.gz
5. Executing Liberty frontend: /OpenROAD-flow-scripts/flow/platforms/asap7/lib/NLDM/asap7sc7p5t_SEQ_RVT_FF_nldm_220123.lib
6. Executing Liberty frontend: /OpenROAD-flow-scripts/flow/platforms/asap7/lib/NLDM/asap7sc7p5t_AO_RVT_FF_nldm_211120.lib.gz
7. Executing Liberty frontend: /OpenROAD-flow-scripts/flow/platforms/asap7/lib/NLDM/asap7sc7p5t_INVBUF_RVT_FF_nldm_220122.lib.gz
8. Executing Liberty frontend: /OpenROAD-flow-scripts/flow/platforms/asap7/lib/NLDM/asap7sc7p5t_OA_RVT_FF_nldm_211120.lib.gz
9. Executing Liberty frontend: /OpenROAD-flow-scripts/flow/platforms/asap7/lib/NLDM/asap7sc7p5t_SIMPLE_RVT_FF_nldm_211120.lib.gz
10. Executing Liberty frontend: /OpenROAD-flow-scripts/flow/platforms/asap7/lib/NLDM/asap7sc7p5t_SEQ_RVT_FF_nldm_220123.lib
11. Executing SLANG frontend.
11.1. Executing UNDRIVEN pass. (resolve undriven signals)
11.2. Executing PROC_CLEAN pass (remove empty switches from decision trees).
11.3. Executing TRIBUF pass.
11.4. Executing PROC_RMDEAD pass (remove dead branches from decision trees).
11.5. Executing PROC_PRUNE pass (remove redundant assignments in processes).
11.6. Executing PROC_INIT pass (extract init attributes).
11.7. Executing PROC_ROM pass (convert switches to ROMs).
11.8. Executing PROC_MUX pass (convert decision trees to multiplexers).
11.9. Executing PROC_CLEAN pass (remove empty switches from decision trees).
11.10. Executing OPT_EXPR pass (perform const folding).
12. Executing HIERARCHY pass (managing design hierarchy).
12.1. Analyzing design hierarchy..
12.2. Analyzing design hierarchy..
13. Executing OPT_CLEAN pass (remove unused cells and wires).
14. Executing RTLIL backend.
End of script. Logfile hash: d81f4b1887, time: 1.89s, user: 1.83s, system: 0.09s, MEM: 99.68 MB peak
Yosys 0.64+post (git sha1 UNKNOWN-dirty, g++ 11.4.0-1ubuntu1~22.04.3 -fPIC -O3)
Time spent: 46% 2x read_slang (0 sec), 40% 12x read_liberty (0 sec), ...
Top level design units:
    cv32e40p_core

Build succeeded: 0 errors, 0 warnings
Log                       Ext     Elapsed/s Peak Memory/MB sha1sum result [0:20)
1_1_yosys_canonicalize    .rtlil          1             99 e8801e51e7e9efbb5c58
/OpenROAD-flow-scripts/flow/scripts/synth.sh /OpenROAD-flow-scripts/flow/scripts/synth.tcl ./logs/asap7/cv32e40p_500/base/1_2_yosys.log
Using ABC speed script.
Extracting clock period from SDC file: ./results/asap7/cv32e40p_500/base/clock_period.txt
Setting clock period to 2000
1. Executing RTLIL frontend.
2. Executing HIERARCHY pass (managing design hierarchy).
2.1. Analyzing design hierarchy..
2.2. Analyzing design hierarchy..
3. Executing SYNTH pass.
3.1. Executing HIERARCHY pass (managing design hierarchy).
3.1.1. Analyzing design hierarchy..
3.1.2. Analyzing design hierarchy..
3.2. Executing PROC pass (convert processes to netlists).
3.2.1. Executing PROC_CLEAN pass (remove empty switches from decision trees).
3.2.2. Executing PROC_RMDEAD pass (remove dead branches from decision trees).
3.2.3. Executing PROC_PRUNE pass (remove redundant assignments in processes).
3.2.4. Executing PROC_INIT pass (extract init attributes).
3.2.5. Executing PROC_ARST pass (detect async resets in processes).
3.2.6. Executing PROC_ROM pass (convert switches to ROMs).
3.2.7. Executing PROC_MUX pass (convert decision trees to multiplexers).
3.2.8. Executing PROC_DLATCH pass (convert process syncs to latches).
3.2.9. Executing PROC_DFF pass (convert process syncs to FFs).
3.2.10. Executing PROC_MEMWR pass (convert process memory writes to cells).
3.2.11. Executing PROC_CLEAN pass (remove empty switches from decision trees).
3.2.12. Executing OPT_EXPR pass (perform const folding).
3.3. Executing FLATTEN pass (flatten design).
3.4. Executing OPT_EXPR pass (perform const folding).
3.5. Executing OPT_CLEAN pass (remove unused cells and wires).
3.6. Executing CHECK pass (checking for obvious problems).
3.7. Executing OPT pass (performing simple optimizations).
3.7.1. Executing OPT_EXPR pass (perform const folding).
3.7.2. Executing OPT_MERGE pass (detect identical cells).
3.7.3. Executing OPT_MUXTREE pass (detect dead branches in mux trees).
3.7.4. Executing OPT_REDUCE pass (consolidate $*mux and $reduce_* inputs).
3.7.5. Executing OPT_MERGE pass (detect identical cells).
3.7.6. Executing OPT_DFF pass (perform DFF optimizations).
3.7.7. Executing OPT_CLEAN pass (remove unused cells and wires).
3.7.8. Executing OPT_EXPR pass (perform const folding).
3.7.9. Rerunning OPT passes. (Maybe there is more to do..)
3.7.10. Executing OPT_MUXTREE pass (detect dead branches in mux trees).
3.7.11. Executing OPT_REDUCE pass (consolidate $*mux and $reduce_* inputs).
3.7.12. Executing OPT_MERGE pass (detect identical cells).
3.7.13. Executing OPT_DFF pass (perform DFF optimizations).
3.7.14. Executing OPT_CLEAN pass (remove unused cells and wires).
3.7.15. Executing OPT_EXPR pass (perform const folding).
3.7.16. Rerunning OPT passes. (Maybe there is more to do..)
3.7.17. Executing OPT_MUXTREE pass (detect dead branches in mux trees).
3.7.18. Executing OPT_REDUCE pass (consolidate $*mux and $reduce_* inputs).
3.7.19. Executing OPT_MERGE pass (detect identical cells).
3.7.20. Executing OPT_DFF pass (perform DFF optimizations).
3.7.21. Executing OPT_CLEAN pass (remove unused cells and wires).
3.7.22. Executing OPT_EXPR pass (perform const folding).
3.7.23. Rerunning OPT passes. (Maybe there is more to do..)
3.7.24. Executing OPT_MUXTREE pass (detect dead branches in mux trees).
3.7.25. Executing OPT_REDUCE pass (consolidate $*mux and $reduce_* inputs).
3.7.26. Executing OPT_MERGE pass (detect identical cells).
3.7.27. Executing OPT_DFF pass (perform DFF optimizations).
3.7.28. Executing OPT_CLEAN pass (remove unused cells and wires).
3.7.29. Executing OPT_EXPR pass (perform const folding).
3.7.30. Finished fast OPT passes. (There is nothing left to do.)
3.8. Executing FSM pass (extract and optimize FSM).
3.8.1. Executing FSM_DETECT pass (finding FSMs in design).
3.8.2. Executing FSM_EXTRACT pass (extracting FSM from design).
3.8.3. Executing FSM_OPT pass (simple optimizations of FSMs).
3.8.4. Executing OPT_CLEAN pass (remove unused cells and wires).
3.8.5. Executing FSM_OPT pass (simple optimizations of FSMs).
3.8.6. Executing FSM_RECODE pass (re-assigning FSM state encoding).
3.8.7. Executing FSM_INFO pass (dumping all available information on FSM cells).
3.8.8. Executing FSM_MAP pass (mapping FSMs to basic logic).
3.9. Executing OPT pass (performing simple optimizations).
3.9.1. Executing OPT_EXPR pass (perform const folding).
3.9.2. Executing OPT_MERGE pass (detect identical cells).
3.9.3. Executing OPT_MUXTREE pass (detect dead branches in mux trees).
3.9.4. Executing OPT_REDUCE pass (consolidate $*mux and $reduce_* inputs).
3.9.5. Executing OPT_MERGE pass (detect identical cells).
3.9.6. Executing OPT_DFF pass (perform DFF optimizations).
3.9.7. Executing OPT_CLEAN pass (remove unused cells and wires).
3.9.8. Executing OPT_EXPR pass (perform const folding).
3.9.9. Rerunning OPT passes. (Maybe there is more to do..)
3.9.10. Executing OPT_MUXTREE pass (detect dead branches in mux trees).
3.9.11. Executing OPT_REDUCE pass (consolidate $*mux and $reduce_* inputs).
3.9.12. Executing OPT_MERGE pass (detect identical cells).
3.9.13. Executing OPT_DFF pass (perform DFF optimizations).
3.9.14. Executing OPT_CLEAN pass (remove unused cells and wires).
3.9.15. Executing OPT_EXPR pass (perform const folding).
3.9.16. Rerunning OPT passes. (Maybe there is more to do..)
3.9.17. Executing OPT_MUXTREE pass (detect dead branches in mux trees).
3.9.18. Executing OPT_REDUCE pass (consolidate $*mux and $reduce_* inputs).
3.9.19. Executing OPT_MERGE pass (detect identical cells).
3.9.20. Executing OPT_DFF pass (perform DFF optimizations).
3.9.21. Executing OPT_CLEAN pass (remove unused cells and wires).
3.9.22. Executing OPT_EXPR pass (perform const folding).
3.9.23. Rerunning OPT passes. (Maybe there is more to do..)
3.9.24. Executing OPT_MUXTREE pass (detect dead branches in mux trees).
3.9.25. Executing OPT_REDUCE pass (consolidate $*mux and $reduce_* inputs).
3.9.26. Executing OPT_MERGE pass (detect identical cells).
3.9.27. Executing OPT_DFF pass (perform DFF optimizations).
3.9.28. Executing OPT_CLEAN pass (remove unused cells and wires).
3.9.29. Executing OPT_EXPR pass (perform const folding).
3.9.30. Finished fast OPT passes. (There is nothing left to do.)
3.10. Executing WREDUCE pass (reducing word size of cells).
3.11. Executing PEEPOPT pass (run peephole optimizers).
3.12. Executing OPT_CLEAN pass (remove unused cells and wires).
3.13. Executing ALUMACC pass (create $alu and $macc cells).
3.14. Executing SHARE pass (SAT-based resource sharing).
3.15. Executing OPT pass (performing simple optimizations).
3.15.1. Executing OPT_EXPR pass (perform const folding).
3.15.2. Executing OPT_MERGE pass (detect identical cells).
3.15.3. Executing OPT_MUXTREE pass (detect dead branches in mux trees).
3.15.4. Executing OPT_REDUCE pass (consolidate $*mux and $reduce_* inputs).
3.15.5. Executing OPT_MERGE pass (detect identical cells).
3.15.6. Executing OPT_DFF pass (perform DFF optimizations).
3.15.7. Executing OPT_CLEAN pass (remove unused cells and wires).
3.15.8. Executing OPT_EXPR pass (perform const folding).
3.15.9. Rerunning OPT passes. (Maybe there is more to do..)
3.15.10. Executing OPT_MUXTREE pass (detect dead branches in mux trees).
3.15.11. Executing OPT_REDUCE pass (consolidate $*mux and $reduce_* inputs).
3.15.12. Executing OPT_MERGE pass (detect identical cells).
3.15.13. Executing OPT_DFF pass (perform DFF optimizations).
3.15.14. Executing OPT_CLEAN pass (remove unused cells and wires).
3.15.15. Executing OPT_EXPR pass (perform const folding).
3.15.16. Rerunning OPT passes. (Maybe there is more to do..)
3.15.17. Executing OPT_MUXTREE pass (detect dead branches in mux trees).
3.15.18. Executing OPT_REDUCE pass (consolidate $*mux and $reduce_* inputs).
3.15.19. Executing OPT_MERGE pass (detect identical cells).
3.15.20. Executing OPT_DFF pass (perform DFF optimizations).
3.15.21. Executing OPT_CLEAN pass (remove unused cells and wires).
3.15.22. Executing OPT_EXPR pass (perform const folding).
3.15.23. Rerunning OPT passes. (Maybe there is more to do..)
3.15.24. Executing OPT_MUXTREE pass (detect dead branches in mux trees).
3.15.25. Executing OPT_REDUCE pass (consolidate $*mux and $reduce_* inputs).
3.15.26. Executing OPT_MERGE pass (detect identical cells).
3.15.27. Executing OPT_DFF pass (perform DFF optimizations).
3.15.28. Executing OPT_CLEAN pass (remove unused cells and wires).
3.15.29. Executing OPT_EXPR pass (perform const folding).
3.15.30. Finished fast OPT passes. (There is nothing left to do.)
3.16. Executing MEMORY pass.
3.16.1. Executing OPT_MEM pass (optimize memories).
3.16.2. Executing OPT_MEM_PRIORITY pass (removing unnecessary memory write priority relations).
3.16.3. Executing OPT_MEM_FEEDBACK pass (finding memory read-to-write feedback paths).
3.16.4. Executing MEMORY_BMUX2ROM pass (converting muxes to ROMs).
3.16.5. Executing MEMORY_DFF pass (merging $dff cells to $memrd).
3.16.6. Executing OPT_CLEAN pass (remove unused cells and wires).
3.16.7. Executing MEMORY_SHARE pass (consolidating $memrd/$memwr cells).
3.16.8. Executing OPT_MEM_WIDEN pass (optimize memories where all ports are wide).
3.16.9. Executing OPT_CLEAN pass (remove unused cells and wires).
3.16.10. Executing MEMORY_COLLECT pass (generating $mem cells).
3.17. Executing OPT_CLEAN pass (remove unused cells and wires).
4. Executing SYNTH pass.
4.1. Executing OPT pass (performing simple optimizations).
4.1.1. Executing OPT_EXPR pass (perform const folding).
4.1.2. Executing OPT_MERGE pass (detect identical cells).
4.1.3. Executing OPT_DFF pass (perform DFF optimizations).
4.1.4. Executing OPT_CLEAN pass (remove unused cells and wires).
4.1.5. Rerunning OPT passes. (Removed registers in this run.)
4.1.6. Executing OPT_EXPR pass (perform const folding).
4.1.7. Executing OPT_MERGE pass (detect identical cells).
4.1.8. Executing OPT_DFF pass (perform DFF optimizations).
4.1.9. Executing OPT_CLEAN pass (remove unused cells and wires).
4.1.10. Finished fast OPT passes.
4.2. Executing MEMORY_MAP pass (converting memories to logic and flip-flops).
4.3. Executing OPT pass (performing simple optimizations).
4.3.1. Executing OPT_EXPR pass (perform const folding).
4.3.2. Executing OPT_MERGE pass (detect identical cells).
4.3.3. Executing OPT_MUXTREE pass (detect dead branches in mux trees).
4.3.4. Executing OPT_REDUCE pass (consolidate $*mux and $reduce_* inputs).
4.3.5. Executing OPT_MERGE pass (detect identical cells).
4.3.6. Executing OPT_SHARE pass.
4.3.7. Executing OPT_DFF pass (perform DFF optimizations).
4.3.8. Executing OPT_CLEAN pass (remove unused cells and wires).
4.3.9. Executing OPT_EXPR pass (perform const folding).
4.3.10. Rerunning OPT passes. (Maybe there is more to do..)
4.3.11. Executing OPT_MUXTREE pass (detect dead branches in mux trees).
4.3.12. Executing OPT_REDUCE pass (consolidate $*mux and $reduce_* inputs).
4.3.13. Executing OPT_MERGE pass (detect identical cells).
4.3.14. Executing OPT_SHARE pass.
4.3.15. Executing OPT_DFF pass (perform DFF optimizations).
4.3.16. Executing OPT_CLEAN pass (remove unused cells and wires).
4.3.17. Executing OPT_EXPR pass (perform const folding).
4.3.18. Rerunning OPT passes. (Maybe there is more to do..)
4.3.19. Executing OPT_MUXTREE pass (detect dead branches in mux trees).
4.3.20. Executing OPT_REDUCE pass (consolidate $*mux and $reduce_* inputs).
4.3.21. Executing OPT_MERGE pass (detect identical cells).
4.3.22. Executing OPT_SHARE pass.
4.3.23. Executing OPT_DFF pass (perform DFF optimizations).
4.3.24. Executing OPT_CLEAN pass (remove unused cells and wires).
4.3.25. Executing OPT_EXPR pass (perform const folding).
4.3.26. Rerunning OPT passes. (Maybe there is more to do..)
4.3.27. Executing OPT_MUXTREE pass (detect dead branches in mux trees).
4.3.28. Executing OPT_REDUCE pass (consolidate $*mux and $reduce_* inputs).
4.3.29. Executing OPT_MERGE pass (detect identical cells).
4.3.30. Executing OPT_SHARE pass.
4.3.31. Executing OPT_DFF pass (perform DFF optimizations).
4.3.32. Executing OPT_CLEAN pass (remove unused cells and wires).
4.3.33. Executing OPT_EXPR pass (perform const folding).
4.3.34. Finished fast OPT passes. (There is nothing left to do.)
4.4. Executing TECHMAP pass (map to technology primitives).
4.4.1. Executing Verilog-2005 frontend: /OpenROAD-flow-scripts/tools/install/yosys/bin/../share/yosys/techmap.v
4.4.2. Executing Verilog-2005 frontend: /OpenROAD-flow-scripts/flow/platforms/common/lcu_kogge_stone.v
4.4.3. Continuing TECHMAP pass.
4.5. Executing OPT pass (performing simple optimizations).
4.5.1. Executing OPT_EXPR pass (perform const folding).
4.5.2. Executing OPT_MERGE pass (detect identical cells).
4.5.3. Executing OPT_DFF pass (perform DFF optimizations).
4.5.4. Executing OPT_CLEAN pass (remove unused cells and wires).
4.5.5. Rerunning OPT passes. (Removed registers in this run.)
4.5.6. Executing OPT_EXPR pass (perform const folding).
4.5.7. Executing OPT_MERGE pass (detect identical cells).
4.5.8. Executing OPT_DFF pass (perform DFF optimizations).
4.5.9. Executing OPT_CLEAN pass (remove unused cells and wires).
4.5.10. Finished fast OPT passes.
4.6. Executing HIERARCHY pass (managing design hierarchy).
4.6.1. Analyzing design hierarchy..
4.6.2. Analyzing design hierarchy..
4.7. Printing statistics.
4.8. Executing CHECK pass (checking for obvious problems).
5. Executing OPT pass (performing simple optimizations).
5.1. Executing OPT_EXPR pass (perform const folding).
5.2. Executing OPT_MERGE pass (detect identical cells).
5.3. Executing OPT_MUXTREE pass (detect dead branches in mux trees).
5.4. Executing OPT_REDUCE pass (consolidate $*mux and $reduce_* inputs).
5.5. Executing OPT_MERGE pass (detect identical cells).
5.6. Executing OPT_DFF pass (perform DFF optimizations).
5.7. Executing OPT_CLEAN pass (remove unused cells and wires).
5.8. Executing OPT_EXPR pass (perform const folding).
5.9. Rerunning OPT passes. (Maybe there is more to do..)
5.10. Executing OPT_MUXTREE pass (detect dead branches in mux trees).
5.11. Executing OPT_REDUCE pass (consolidate $*mux and $reduce_* inputs).
5.12. Executing OPT_MERGE pass (detect identical cells).
5.13. Executing OPT_DFF pass (perform DFF optimizations).
5.14. Executing OPT_CLEAN pass (remove unused cells and wires).
5.15. Executing OPT_EXPR pass (perform const folding).
5.16. Finished fast OPT passes. (There is nothing left to do.)
6. Executing EXTRACT_FA pass (find and extract full/half adders).
7. Executing TECHMAP pass (map to technology primitives).
7.1. Executing Verilog-2005 frontend: /OpenROAD-flow-scripts/flow/platforms/asap7/yoSys/cells_adders_R.v
7.2. Continuing TECHMAP pass.
8. Executing TECHMAP pass (map to technology primitives).
8.1. Executing Verilog-2005 frontend: /OpenROAD-flow-scripts/tools/install/yosys/bin/../share/yosys/techmap.v
8.2. Continuing TECHMAP pass.
9. Executing OPT pass (performing simple optimizations).
9.1. Executing OPT_EXPR pass (perform const folding).
9.2. Executing OPT_MERGE pass (detect identical cells).
9.3. Executing OPT_DFF pass (perform DFF optimizations).
9.4. Executing OPT_CLEAN pass (remove unused cells and wires).
9.5. Finished fast OPT passes.
10. Executing TECHMAP pass (map to technology primitives).
10.1. Executing Verilog-2005 frontend: /OpenROAD-flow-scripts/flow/platforms/asap7/yoSys/cells_latch_R.v
10.2. Continuing TECHMAP pass.
11. Executing DFFLIBMAP pass (mapping DFF cells to sequential cells from liberty file).
11.1. Executing DFFLEGALIZE pass (convert FFs to types supported by the target).
12. Executing OPT pass (performing simple optimizations).
12.1. Executing OPT_EXPR pass (perform const folding).
12.2. Executing OPT_MERGE pass (detect identical cells).
12.3. Executing OPT_MUXTREE pass (detect dead branches in mux trees).
12.4. Executing OPT_REDUCE pass (consolidate $*mux and $reduce_* inputs).
12.5. Executing OPT_MERGE pass (detect identical cells).
12.6. Executing OPT_DFF pass (perform DFF optimizations).
12.7. Executing OPT_CLEAN pass (remove unused cells and wires).
12.8. Executing OPT_EXPR pass (perform const folding).
12.9. Rerunning OPT passes. (Maybe there is more to do..)
12.10. Executing OPT_MUXTREE pass (detect dead branches in mux trees).
12.11. Executing OPT_REDUCE pass (consolidate $*mux and $reduce_* inputs).
12.12. Executing OPT_MERGE pass (detect identical cells).
12.13. Executing OPT_DFF pass (perform DFF optimizations).
12.14. Executing OPT_CLEAN pass (remove unused cells and wires).
12.15. Executing OPT_EXPR pass (perform const folding).
12.16. Finished fast OPT passes. (There is nothing left to do.)
13. Executing SETUNDEF pass (replace undef values with defined constants).
abc -script /OpenROAD-flow-scripts/flow/scripts/abc_speed.script -liberty /OpenROAD-flow-scripts/flow/platforms/asap7/lib/NLDM/asap7sc7p5t_AO_RVT_FF_nldm_211120.lib.gz -liberty /OpenROAD-flow-scripts/flow/platforms/asap7/lib/NLDM/asap7sc7p5t_INVBUF_RVT_FF_nldm_220122.lib.gz -liberty /OpenROAD-flow-scripts/flow/platforms/asap7/lib/NLDM/asap7sc7p5t_OA_RVT_FF_nldm_211120.lib.gz -liberty /OpenROAD-flow-scripts/flow/platforms/asap7/lib/NLDM/asap7sc7p5t_SIMPLE_RVT_FF_nldm_211120.lib.gz -liberty /OpenROAD-flow-scripts/flow/platforms/asap7/lib/NLDM/asap7sc7p5t_SEQ_RVT_FF_nldm_220123.lib -dont_use *x1p*_ASAP7* -dont_use *xp*_ASAP7* -dont_use SDF* -dont_use ICG* -constr ./objects/asap7/cv32e40p_500/base/abc.constr -D 2000
14. Executing ABC pass (technology mapping using ABC).
14.1. Extracting gate netlist of module `\cv32e40p_core' to `<abc-temp-dir>/input.blif'..
14.1.1. Executed ABC.
14.1.2. Re-integrating ABC results.
Took 26 seconds: abc -script /OpenROAD-flow-scripts/flow/scripts/abc_speed.script -liberty /OpenROAD-flow-scripts/flow/platforms/asap7/lib/NLDM/asap7sc7p5t_AO_RVT_FF_nldm_211120.lib.gz -liberty /OpenROAD-flow-scripts/flow/platforms/asap7/lib/NLDM/asap7sc7p5t_INVBUF_RVT_FF_nldm_220122.lib.gz -liberty /OpenROAD-flow-scripts/flow/platforms/asap7/lib/NLDM/asap7sc7p5t_OA_RVT_FF_nldm_211120.lib.gz -liberty /OpenROAD-flow-scripts/flow/platforms/asap7/lib/NLDM/asap7sc7p5t_SIMPLE_RVT_FF_nldm_211120.lib.gz -liberty /OpenROAD-flow-scripts/flow/platforms/asap7/lib/NLDM/asap7sc7p5t_SEQ_RVT_FF_nldm_220123.lib -dont_use *x1p*_ASAP7* -dont_use *xp*_ASAP7* -dont_use SDF* -dont_use ICG* -constr ./objects/asap7/cv32e40p_500/base/abc.constr -D 2000
15. Executing SPLITNETS pass (splitting up multi-bit signals).
16. Executing OPT_CLEAN pass (remove unused cells and wires).
17. Executing HILOMAP pass (mapping to constant drivers).
18. Executing INSBUF pass (insert buffer cells for connected wires).
19. Executing CHECK pass (checking for obvious problems).
20. Printing statistics.
21. Executing CHECK pass (checking for obvious problems).
22. Executing Verilog backend.
22.1. Executing BMUXMAP pass.
22.2. Executing DEMUXMAP pass.
exec cp ./designs/asap7/cv32e40p/constraint_500.sdc ./results/asap7/cv32e40p_500/base/1_synth.sdc
End of script. Logfile hash: 694ece18ee, time: 48.28s, user: 26.64s, system: 0.48s, MEM: 247.96 MB peak
Yosys 0.64+post (git sha1 UNKNOWN-dirty, g++ 11.4.0-1ubuntu1~22.04.3 -fPIC -O3)
Time spent: 49% 1x abc (25 sec), 10% 43x opt_clean (5 sec), ...
Log                       Ext     Elapsed/s Peak Memory/MB sha1sum result [0:20)
1_2_yosys                 .v             48            249 276fd30c9290fa5e7b0e
cp ./designs/asap7/cv32e40p/constraint_500.sdc ./results/asap7/cv32e40p_500/base/1_2_yosys.sdc
/OpenROAD-flow-scripts/flow/scripts/flow.sh 1_synth synth_odb
Running synth_odb.tcl, stage 1_synth
source /OpenROAD-flow-scripts/flow/platforms/asap7/liberty_suppressions.tcl
read_liberty /OpenROAD-flow-scripts/flow/platforms/asap7/lib/NLDM/asap7sc7p5t_AO_RVT_FF_nldm_211120.lib.gz
read_liberty /OpenROAD-flow-scripts/flow/platforms/asap7/lib/NLDM/asap7sc7p5t_INVBUF_RVT_FF_nldm_220122.lib.gz
read_liberty /OpenROAD-flow-scripts/flow/platforms/asap7/lib/NLDM/asap7sc7p5t_OA_RVT_FF_nldm_211120.lib.gz
read_liberty /OpenROAD-flow-scripts/flow/platforms/asap7/lib/NLDM/asap7sc7p5t_SIMPLE_RVT_FF_nldm_211120.lib.gz
read_liberty /OpenROAD-flow-scripts/flow/platforms/asap7/lib/NLDM/asap7sc7p5t_SEQ_RVT_FF_nldm_220123.lib
[INFO ODB-0227] LEF file: /OpenROAD-flow-scripts/flow/platforms/asap7/lef/asap7_tech_1x_201209.lef, created 30 layers, 9 vias
[INFO ODB-0227] LEF file: /OpenROAD-flow-scripts/flow/platforms/asap7/lef/asap7sc7p5t_28_R_1x_220121a.lef, created 212 library cells
link_design cv32e40p_core
read_sdc ./results/asap7/cv32e40p_500/base/1_2_yosys.sdc
source /OpenROAD-flow-scripts/flow/platforms/asap7/setRC.tcl
eliminate_dead_logic
Removed 0 unused instances and 0 unused nets.
write_db ./results/asap7/cv32e40p_500/base/1_synth.odb
write_sdc -no_timestamp ./results/asap7/cv32e40p_500/base/1_synth.sdc
Log                       Ext     Elapsed/s Peak Memory/MB sha1sum result [0:20)
1_synth                   .odb            1            253 71186eb29c293e89ccea
1_synth                   .sdc                             aad988db61075493da1d
/OpenROAD-flow-scripts/flow/scripts/flow.sh 2_1_floorplan floorplan
Running floorplan.tcl, stage 2_1_floorplan
source /OpenROAD-flow-scripts/flow/platforms/asap7/liberty_suppressions.tcl
read_liberty /OpenROAD-flow-scripts/flow/platforms/asap7/lib/NLDM/asap7sc7p5t_AO_RVT_FF_nldm_211120.lib.gz
read_liberty /OpenROAD-flow-scripts/flow/platforms/asap7/lib/NLDM/asap7sc7p5t_INVBUF_RVT_FF_nldm_220122.lib.gz
read_liberty /OpenROAD-flow-scripts/flow/platforms/asap7/lib/NLDM/asap7sc7p5t_OA_RVT_FF_nldm_211120.lib.gz
read_liberty /OpenROAD-flow-scripts/flow/platforms/asap7/lib/NLDM/asap7sc7p5t_SIMPLE_RVT_FF_nldm_211120.lib.gz
read_liberty /OpenROAD-flow-scripts/flow/platforms/asap7/lib/NLDM/asap7sc7p5t_SEQ_RVT_FF_nldm_220123.lib
read_db ./results/asap7/cv32e40p_500/base/1_synth.odb
read_sdc ./results/asap7/cv32e40p_500/base/1_synth.sdc
source /OpenROAD-flow-scripts/flow/platforms/asap7/setRC.tcl

==========================================================================
Floorplan check_setup
--------------------------------------------------------------------------
Warning: There are 304 input ports missing set_input_delay.
Warning: There are 113 output ports missing set_output_delay.
Warning: There are 132 unconstrained endpoints.
number instances in verilog is 26282
[WARNING IFP-0028] Core area lower left (2.000, 2.000) snapped to (2.052, 2.160).
[INFO IFP-0001] Added 725 rows of 3628 site asap7sc7p5t.
[INFO IFP-0100] Die BBox:  (  0.000  0.000 ) ( 200.000 200.000 ) um
[INFO IFP-0101] Core BBox: (  2.052  2.160 ) ( 197.964 197.910 ) um
[INFO IFP-0102] Core area:                        38349.774 um^2
[INFO IFP-0103] Total instances area:              3146.874 um^2
[INFO IFP-0104] Effective utilization:                0.082
[INFO IFP-0105] Number of instances:                  26282
source /OpenROAD-flow-scripts/flow/platforms/asap7/openRoad/make_tracks.tcl
source /OpenROAD-flow-scripts/flow/platforms/asap7/fastroute.tcl
Repair tie lo fanout...
[INFO RSZ-0042] Inserted 119 tie TIELOx1_ASAP7_75t_R instances.
Repair tie hi fanout...
[INFO RSZ-0042] Inserted 2154 tie TIEHIx1_ASAP7_75t_R instances.
repair_timing -setup_margin 0 -hold_margin 0 -repair_tns 100 -setup -skip_last_gasp -sequence unbuffer,sizeup,swap,vt_swap -verbose
[WARNING EST-0027] no estimated parasitics. Using wire load models.
[INFO RSZ-0100] Repair move sequence: UnbufferMove SizeUpMove SwapPinsMove 
[INFO RSZ-0098] No setup violations found
Default units for flow
 time 1ps
 capacitance 1fF
 resistance 1kohm
 voltage 1v
 current 1mA
 power 1pW
 distance 1um
   Layer   | Unit Resistance | Unit Capacitance 
           |       (kohm/um) |          (fF/um)
------------------------------------------------
        M1 |        7.04e-02 |         1.00e-10
        M2 |        2.97e-02 |         1.85e-01
        M3 |        3.13e-02 |         1.54e-01
        M4 |        1.80e-02 |         1.89e-01
        M5 |        1.90e-02 |         1.72e-01
        M6 |        1.19e-02 |         1.76e-01
        M7 |        1.25e-02 |         1.47e-01
        M8 |        0.00e+00 |         0.00e+00
        M9 |        0.00e+00 |         0.00e+00
       Pad |        0.00e+00 |         0.00e+00
------------------------------------------------

   Layer   | Via Resistance 
           |         (kohm) 
----------------------------
        V1 |       1.72e-02 
        V2 |       1.72e-02 
        V3 |       1.72e-02 
        V4 |       1.18e-02 
        V5 |       1.18e-02 
        V6 |       8.20e-03 
        V7 |       8.20e-03 
        V8 |       6.30e-03 
        V9 |       0.00e+00 
----------------------------
Report metrics stage 2, floorplan final...

==========================================================================
floorplan final report_design_area
--------------------------------------------------------------------------
Design area 3246 um^2 8% utilization.
write_db ./results/asap7/cv32e40p_500/base/2_1_floorplan.odb
write_sdc -no_timestamp ./results/asap7/cv32e40p_500/base/2_1_floorplan.sdc
Log                       Ext     Elapsed/s Peak Memory/MB sha1sum result [0:20)
2_1_floorplan             .odb            9            325 e6f57b3c103b6a717ff3
2_1_floorplan             .sdc                             aad988db61075493da1d
/OpenROAD-flow-scripts/flow/scripts/flow.sh 2_2_floorplan_macro macro_place
Running macro_place.tcl, stage 2_2_floorplan_macro
source /OpenROAD-flow-scripts/flow/platforms/asap7/liberty_suppressions.tcl
read_liberty /OpenROAD-flow-scripts/flow/platforms/asap7/lib/NLDM/asap7sc7p5t_AO_RVT_FF_nldm_211120.lib.gz
read_liberty /OpenROAD-flow-scripts/flow/platforms/asap7/lib/NLDM/asap7sc7p5t_INVBUF_RVT_FF_nldm_220122.lib.gz
read_liberty /OpenROAD-flow-scripts/flow/platforms/asap7/lib/NLDM/asap7sc7p5t_OA_RVT_FF_nldm_211120.lib.gz
read_liberty /OpenROAD-flow-scripts/flow/platforms/asap7/lib/NLDM/asap7sc7p5t_SIMPLE_RVT_FF_nldm_211120.lib.gz
read_liberty /OpenROAD-flow-scripts/flow/platforms/asap7/lib/NLDM/asap7sc7p5t_SEQ_RVT_FF_nldm_220123.lib
read_db ./results/asap7/cv32e40p_500/base/2_1_floorplan.odb
read_sdc ./results/asap7/cv32e40p_500/base/2_1_floorplan.sdc
source /OpenROAD-flow-scripts/flow/platforms/asap7/setRC.tcl
No macros found: Skipping macro_placement
Design area 3246 um^2 8% utilization.
write_db ./results/asap7/cv32e40p_500/base/2_2_floorplan_macro.odb
Log                       Ext     Elapsed/s Peak Memory/MB sha1sum result [0:20)
2_2_floorplan_macro       .odb            1            232 e6f57b3c103b6a717ff3
/OpenROAD-flow-scripts/flow/scripts/flow.sh 2_3_floorplan_tapcell tapcell
Running tapcell.tcl, stage 2_3_floorplan_tapcell
source /OpenROAD-flow-scripts/flow/platforms/asap7/liberty_suppressions.tcl
read_liberty /OpenROAD-flow-scripts/flow/platforms/asap7/lib/NLDM/asap7sc7p5t_AO_RVT_FF_nldm_211120.lib.gz
read_liberty /OpenROAD-flow-scripts/flow/platforms/asap7/lib/NLDM/asap7sc7p5t_INVBUF_RVT_FF_nldm_220122.lib.gz
read_liberty /OpenROAD-flow-scripts/flow/platforms/asap7/lib/NLDM/asap7sc7p5t_OA_RVT_FF_nldm_211120.lib.gz
read_liberty /OpenROAD-flow-scripts/flow/platforms/asap7/lib/NLDM/asap7sc7p5t_SIMPLE_RVT_FF_nldm_211120.lib.gz
read_liberty /OpenROAD-flow-scripts/flow/platforms/asap7/lib/NLDM/asap7sc7p5t_SEQ_RVT_FF_nldm_220123.lib
read_db ./results/asap7/cv32e40p_500/base/2_2_floorplan_macro.odb
read_sdc ./results/asap7/cv32e40p_500/base/2_1_floorplan.sdc
source /OpenROAD-flow-scripts/flow/platforms/asap7/setRC.tcl
Tap and End Cap cell insertion
  TAP Cell          : TAPCELL_ASAP7_75t_R
  ENDCAP Cell       : TAPCELL_ASAP7_75t_R
  Halo Around Macro : 2 2
  TAP Cell Distance : 25
[INFO TAP-0004] Inserted 1450 endcaps.
[INFO TAP-0005] Inserted 2544 tapcells.
Design area 3363 um^2 9% utilization.
write_db ./results/asap7/cv32e40p_500/base/2_3_floorplan_tapcell.odb
Log                       Ext     Elapsed/s Peak Memory/MB sha1sum result [0:20)
2_3_floorplan_tapcell     .odb            1            218 69641a2b68899ac7b77d
/OpenROAD-flow-scripts/flow/scripts/flow.sh 2_4_floorplan_pdn pdn
Running pdn.tcl, stage 2_4_floorplan_pdn
source /OpenROAD-flow-scripts/flow/platforms/asap7/liberty_suppressions.tcl
read_liberty /OpenROAD-flow-scripts/flow/platforms/asap7/lib/NLDM/asap7sc7p5t_AO_RVT_FF_nldm_211120.lib.gz
read_liberty /OpenROAD-flow-scripts/flow/platforms/asap7/lib/NLDM/asap7sc7p5t_INVBUF_RVT_FF_nldm_220122.lib.gz
read_liberty /OpenROAD-flow-scripts/flow/platforms/asap7/lib/NLDM/asap7sc7p5t_OA_RVT_FF_nldm_211120.lib.gz
read_liberty /OpenROAD-flow-scripts/flow/platforms/asap7/lib/NLDM/asap7sc7p5t_SIMPLE_RVT_FF_nldm_211120.lib.gz
read_liberty /OpenROAD-flow-scripts/flow/platforms/asap7/lib/NLDM/asap7sc7p5t_SEQ_RVT_FF_nldm_220123.lib
read_db ./results/asap7/cv32e40p_500/base/2_3_floorplan_tapcell.odb
read_sdc ./results/asap7/cv32e40p_500/base/2_1_floorplan.sdc
source /OpenROAD-flow-scripts/flow/platforms/asap7/setRC.tcl
[INFO PDN-0001] Inserting grid: top
Design area 3363 um^2 9% utilization.
write_db ./results/asap7/cv32e40p_500/base/2_4_floorplan_pdn.odb
Log                       Ext     Elapsed/s Peak Memory/MB sha1sum result [0:20)
2_4_floorplan_pdn         .odb            1            248 9fc170a8ee5e04eb8654
cp ./results/asap7/cv32e40p_500/base/2_4_floorplan_pdn.odb ./results/asap7/cv32e40p_500/base/2_floorplan.odb
cp ./results/asap7/cv32e40p_500/base/2_1_floorplan.sdc ./results/asap7/cv32e40p_500/base/2_floorplan.sdc
=== Starting FREQ=${FREQ} ===
rm -f ./results/asap7/cv32e40p_600/base/1_* ./results/asap7/cv32e40p_600/base/mem*.json
rm -f ./reports/asap7/cv32e40p_600/base/synth_*
rm -f ./logs/asap7/cv32e40p_600/base/1_*
rm -f 
rm -f ./results/asap7/cv32e40p_600/base/clock_period.txt
rm -f ./results/asap7/cv32e40p_600/base/2_*floorplan*.odb ./results/asap7/cv32e40p_600/base/2_floorplan.sdc ./results/asap7/cv32e40p_600/base/2_*.v ./results/asap7/cv32e40p_600/base/2_*.def
rm -f ./reports/asap7/cv32e40p_600/base/2_*
rm -f ./logs/asap7/cv32e40p_600/base/2_*
mkdir -p results/asap7/cv32e40p_600/base/
echo 1667 > results/asap7/cv32e40p_600/base/clock_period.txt
/OpenROAD-flow-scripts/flow/scripts/synth.sh /OpenROAD-flow-scripts/flow/scripts/synth_canonicalize.tcl ./logs/asap7/cv32e40p_600/base/1_1_yosys_canonicalize.log
Using ABC speed script.
Extracting clock period from SDC file: ./results/asap7/cv32e40p_600/base/clock_period.txt
Setting clock period to 1667
1. Executing Liberty frontend: /OpenROAD-flow-scripts/flow/platforms/asap7/lib/NLDM/asap7sc7p5t_AO_RVT_FF_nldm_211120.lib.gz
2. Executing Liberty frontend: /OpenROAD-flow-scripts/flow/platforms/asap7/lib/NLDM/asap7sc7p5t_INVBUF_RVT_FF_nldm_220122.lib.gz
3. Executing Liberty frontend: /OpenROAD-flow-scripts/flow/platforms/asap7/lib/NLDM/asap7sc7p5t_OA_RVT_FF_nldm_211120.lib.gz
4. Executing Liberty frontend: /OpenROAD-flow-scripts/flow/platforms/asap7/lib/NLDM/asap7sc7p5t_SIMPLE_RVT_FF_nldm_211120.lib.gz
5. Executing Liberty frontend: /OpenROAD-flow-scripts/flow/platforms/asap7/lib/NLDM/asap7sc7p5t_SEQ_RVT_FF_nldm_220123.lib
6. Executing Liberty frontend: /OpenROAD-flow-scripts/flow/platforms/asap7/lib/NLDM/asap7sc7p5t_AO_RVT_FF_nldm_211120.lib.gz
7. Executing Liberty frontend: /OpenROAD-flow-scripts/flow/platforms/asap7/lib/NLDM/asap7sc7p5t_INVBUF_RVT_FF_nldm_220122.lib.gz
8. Executing Liberty frontend: /OpenROAD-flow-scripts/flow/platforms/asap7/lib/NLDM/asap7sc7p5t_OA_RVT_FF_nldm_211120.lib.gz
9. Executing Liberty frontend: /OpenROAD-flow-scripts/flow/platforms/asap7/lib/NLDM/asap7sc7p5t_SIMPLE_RVT_FF_nldm_211120.lib.gz
10. Executing Liberty frontend: /OpenROAD-flow-scripts/flow/platforms/asap7/lib/NLDM/asap7sc7p5t_SEQ_RVT_FF_nldm_220123.lib
11. Executing SLANG frontend.
11.1. Executing UNDRIVEN pass. (resolve undriven signals)
11.2. Executing PROC_CLEAN pass (remove empty switches from decision trees).
11.3. Executing TRIBUF pass.
11.4. Executing PROC_RMDEAD pass (remove dead branches from decision trees).
11.5. Executing PROC_PRUNE pass (remove redundant assignments in processes).
11.6. Executing PROC_INIT pass (extract init attributes).
11.7. Executing PROC_ROM pass (convert switches to ROMs).
11.8. Executing PROC_MUX pass (convert decision trees to multiplexers).
11.9. Executing PROC_CLEAN pass (remove empty switches from decision trees).
11.10. Executing OPT_EXPR pass (perform const folding).
12. Executing HIERARCHY pass (managing design hierarchy).
12.1. Analyzing design hierarchy..
12.2. Analyzing design hierarchy..
13. Executing OPT_CLEAN pass (remove unused cells and wires).
14. Executing RTLIL backend.
End of script. Logfile hash: 97364c6807, time: 1.71s, user: 1.74s, system: 0.06s, MEM: 101.16 MB peak
Yosys 0.64+post (git sha1 UNKNOWN-dirty, g++ 11.4.0-1ubuntu1~22.04.3 -fPIC -O3)
Time spent: 45% 2x read_slang (0 sec), 42% 12x read_liberty (0 sec), ...
Top level design units:
    cv32e40p_core

Build succeeded: 0 errors, 0 warnings
Log                       Ext     Elapsed/s Peak Memory/MB sha1sum result [0:20)
1_1_yosys_canonicalize    .rtlil          1            101 e8801e51e7e9efbb5c58
/OpenROAD-flow-scripts/flow/scripts/synth.sh /OpenROAD-flow-scripts/flow/scripts/synth.tcl ./logs/asap7/cv32e40p_600/base/1_2_yosys.log
Using ABC speed script.
Extracting clock period from SDC file: ./results/asap7/cv32e40p_600/base/clock_period.txt
Setting clock period to 1667
1. Executing RTLIL frontend.
2. Executing HIERARCHY pass (managing design hierarchy).
2.1. Analyzing design hierarchy..
2.2. Analyzing design hierarchy..
3. Executing SYNTH pass.
3.1. Executing HIERARCHY pass (managing design hierarchy).
3.1.1. Analyzing design hierarchy..
3.1.2. Analyzing design hierarchy..
3.2. Executing PROC pass (convert processes to netlists).
3.2.1. Executing PROC_CLEAN pass (remove empty switches from decision trees).
3.2.2. Executing PROC_RMDEAD pass (remove dead branches from decision trees).
3.2.3. Executing PROC_PRUNE pass (remove redundant assignments in processes).
3.2.4. Executing PROC_INIT pass (extract init attributes).
3.2.5. Executing PROC_ARST pass (detect async resets in processes).
3.2.6. Executing PROC_ROM pass (convert switches to ROMs).
3.2.7. Executing PROC_MUX pass (convert decision trees to multiplexers).
3.2.8. Executing PROC_DLATCH pass (convert process syncs to latches).
3.2.9. Executing PROC_DFF pass (convert process syncs to FFs).
3.2.10. Executing PROC_MEMWR pass (convert process memory writes to cells).
3.2.11. Executing PROC_CLEAN pass (remove empty switches from decision trees).
3.2.12. Executing OPT_EXPR pass (perform const folding).
3.3. Executing FLATTEN pass (flatten design).
3.4. Executing OPT_EXPR pass (perform const folding).
3.5. Executing OPT_CLEAN pass (remove unused cells and wires).
3.6. Executing CHECK pass (checking for obvious problems).
3.7. Executing OPT pass (performing simple optimizations).
3.7.1. Executing OPT_EXPR pass (perform const folding).
3.7.2. Executing OPT_MERGE pass (detect identical cells).
3.7.3. Executing OPT_MUXTREE pass (detect dead branches in mux trees).
3.7.4. Executing OPT_REDUCE pass (consolidate $*mux and $reduce_* inputs).
3.7.5. Executing OPT_MERGE pass (detect identical cells).
3.7.6. Executing OPT_DFF pass (perform DFF optimizations).
3.7.7. Executing OPT_CLEAN pass (remove unused cells and wires).
3.7.8. Executing OPT_EXPR pass (perform const folding).
3.7.9. Rerunning OPT passes. (Maybe there is more to do..)
3.7.10. Executing OPT_MUXTREE pass (detect dead branches in mux trees).
3.7.11. Executing OPT_REDUCE pass (consolidate $*mux and $reduce_* inputs).
3.7.12. Executing OPT_MERGE pass (detect identical cells).
3.7.13. Executing OPT_DFF pass (perform DFF optimizations).
3.7.14. Executing OPT_CLEAN pass (remove unused cells and wires).
3.7.15. Executing OPT_EXPR pass (perform const folding).
3.7.16. Rerunning OPT passes. (Maybe there is more to do..)
3.7.17. Executing OPT_MUXTREE pass (detect dead branches in mux trees).
3.7.18. Executing OPT_REDUCE pass (consolidate $*mux and $reduce_* inputs).
3.7.19. Executing OPT_MERGE pass (detect identical cells).
3.7.20. Executing OPT_DFF pass (perform DFF optimizations).
3.7.21. Executing OPT_CLEAN pass (remove unused cells and wires).
3.7.22. Executing OPT_EXPR pass (perform const folding).
3.7.23. Rerunning OPT passes. (Maybe there is more to do..)
3.7.24. Executing OPT_MUXTREE pass (detect dead branches in mux trees).
3.7.25. Executing OPT_REDUCE pass (consolidate $*mux and $reduce_* inputs).
3.7.26. Executing OPT_MERGE pass (detect identical cells).
3.7.27. Executing OPT_DFF pass (perform DFF optimizations).
3.7.28. Executing OPT_CLEAN pass (remove unused cells and wires).
3.7.29. Executing OPT_EXPR pass (perform const folding).
3.7.30. Finished fast OPT passes. (There is nothing left to do.)
3.8. Executing FSM pass (extract and optimize FSM).
3.8.1. Executing FSM_DETECT pass (finding FSMs in design).
3.8.2. Executing FSM_EXTRACT pass (extracting FSM from design).
3.8.3. Executing FSM_OPT pass (simple optimizations of FSMs).
3.8.4. Executing OPT_CLEAN pass (remove unused cells and wires).
3.8.5. Executing FSM_OPT pass (simple optimizations of FSMs).
3.8.6. Executing FSM_RECODE pass (re-assigning FSM state encoding).
3.8.7. Executing FSM_INFO pass (dumping all available information on FSM cells).
3.8.8. Executing FSM_MAP pass (mapping FSMs to basic logic).
3.9. Executing OPT pass (performing simple optimizations).
3.9.1. Executing OPT_EXPR pass (perform const folding).
3.9.2. Executing OPT_MERGE pass (detect identical cells).
3.9.3. Executing OPT_MUXTREE pass (detect dead branches in mux trees).
3.9.4. Executing OPT_REDUCE pass (consolidate $*mux and $reduce_* inputs).
3.9.5. Executing OPT_MERGE pass (detect identical cells).
3.9.6. Executing OPT_DFF pass (perform DFF optimizations).
3.9.7. Executing OPT_CLEAN pass (remove unused cells and wires).
3.9.8. Executing OPT_EXPR pass (perform const folding).
3.9.9. Rerunning OPT passes. (Maybe there is more to do..)
3.9.10. Executing OPT_MUXTREE pass (detect dead branches in mux trees).
3.9.11. Executing OPT_REDUCE pass (consolidate $*mux and $reduce_* inputs).
3.9.12. Executing OPT_MERGE pass (detect identical cells).
3.9.13. Executing OPT_DFF pass (perform DFF optimizations).
3.9.14. Executing OPT_CLEAN pass (remove unused cells and wires).
3.9.15. Executing OPT_EXPR pass (perform const folding).
3.9.16. Rerunning OPT passes. (Maybe there is more to do..)
3.9.17. Executing OPT_MUXTREE pass (detect dead branches in mux trees).
3.9.18. Executing OPT_REDUCE pass (consolidate $*mux and $reduce_* inputs).
3.9.19. Executing OPT_MERGE pass (detect identical cells).
3.9.20. Executing OPT_DFF pass (perform DFF optimizations).
3.9.21. Executing OPT_CLEAN pass (remove unused cells and wires).
3.9.22. Executing OPT_EXPR pass (perform const folding).
3.9.23. Rerunning OPT passes. (Maybe there is more to do..)
3.9.24. Executing OPT_MUXTREE pass (detect dead branches in mux trees).
3.9.25. Executing OPT_REDUCE pass (consolidate $*mux and $reduce_* inputs).
3.9.26. Executing OPT_MERGE pass (detect identical cells).
3.9.27. Executing OPT_DFF pass (perform DFF optimizations).
3.9.28. Executing OPT_CLEAN pass (remove unused cells and wires).
3.9.29. Executing OPT_EXPR pass (perform const folding).
3.9.30. Finished fast OPT passes. (There is nothing left to do.)
3.10. Executing WREDUCE pass (reducing word size of cells).
3.11. Executing PEEPOPT pass (run peephole optimizers).
3.12. Executing OPT_CLEAN pass (remove unused cells and wires).
3.13. Executing ALUMACC pass (create $alu and $macc cells).
3.14. Executing SHARE pass (SAT-based resource sharing).
3.15. Executing OPT pass (performing simple optimizations).
3.15.1. Executing OPT_EXPR pass (perform const folding).
3.15.2. Executing OPT_MERGE pass (detect identical cells).
3.15.3. Executing OPT_MUXTREE pass (detect dead branches in mux trees).
3.15.4. Executing OPT_REDUCE pass (consolidate $*mux and $reduce_* inputs).
3.15.5. Executing OPT_MERGE pass (detect identical cells).
3.15.6. Executing OPT_DFF pass (perform DFF optimizations).
3.15.7. Executing OPT_CLEAN pass (remove unused cells and wires).
3.15.8. Executing OPT_EXPR pass (perform const folding).
3.15.9. Rerunning OPT passes. (Maybe there is more to do..)
3.15.10. Executing OPT_MUXTREE pass (detect dead branches in mux trees).
3.15.11. Executing OPT_REDUCE pass (consolidate $*mux and $reduce_* inputs).
3.15.12. Executing OPT_MERGE pass (detect identical cells).
3.15.13. Executing OPT_DFF pass (perform DFF optimizations).
3.15.14. Executing OPT_CLEAN pass (remove unused cells and wires).
3.15.15. Executing OPT_EXPR pass (perform const folding).
3.15.16. Rerunning OPT passes. (Maybe there is more to do..)
3.15.17. Executing OPT_MUXTREE pass (detect dead branches in mux trees).
3.15.18. Executing OPT_REDUCE pass (consolidate $*mux and $reduce_* inputs).
3.15.19. Executing OPT_MERGE pass (detect identical cells).
3.15.20. Executing OPT_DFF pass (perform DFF optimizations).
3.15.21. Executing OPT_CLEAN pass (remove unused cells and wires).
3.15.22. Executing OPT_EXPR pass (perform const folding).
3.15.23. Rerunning OPT passes. (Maybe there is more to do..)
3.15.24. Executing OPT_MUXTREE pass (detect dead branches in mux trees).
3.15.25. Executing OPT_REDUCE pass (consolidate $*mux and $reduce_* inputs).
3.15.26. Executing OPT_MERGE pass (detect identical cells).
3.15.27. Executing OPT_DFF pass (perform DFF optimizations).
3.15.28. Executing OPT_CLEAN pass (remove unused cells and wires).
3.15.29. Executing OPT_EXPR pass (perform const folding).
3.15.30. Finished fast OPT passes. (There is nothing left to do.)
3.16. Executing MEMORY pass.
3.16.1. Executing OPT_MEM pass (optimize memories).
3.16.2. Executing OPT_MEM_PRIORITY pass (removing unnecessary memory write priority relations).
3.16.3. Executing OPT_MEM_FEEDBACK pass (finding memory read-to-write feedback paths).
3.16.4. Executing MEMORY_BMUX2ROM pass (converting muxes to ROMs).
3.16.5. Executing MEMORY_DFF pass (merging $dff cells to $memrd).
3.16.6. Executing OPT_CLEAN pass (remove unused cells and wires).
3.16.7. Executing MEMORY_SHARE pass (consolidating $memrd/$memwr cells).
3.16.8. Executing OPT_MEM_WIDEN pass (optimize memories where all ports are wide).
3.16.9. Executing OPT_CLEAN pass (remove unused cells and wires).
3.16.10. Executing MEMORY_COLLECT pass (generating $mem cells).
3.17. Executing OPT_CLEAN pass (remove unused cells and wires).
4. Executing SYNTH pass.
4.1. Executing OPT pass (performing simple optimizations).
4.1.1. Executing OPT_EXPR pass (perform const folding).
4.1.2. Executing OPT_MERGE pass (detect identical cells).
4.1.3. Executing OPT_DFF pass (perform DFF optimizations).
4.1.4. Executing OPT_CLEAN pass (remove unused cells and wires).
4.1.5. Rerunning OPT passes. (Removed registers in this run.)
4.1.6. Executing OPT_EXPR pass (perform const folding).
4.1.7. Executing OPT_MERGE pass (detect identical cells).
4.1.8. Executing OPT_DFF pass (perform DFF optimizations).
4.1.9. Executing OPT_CLEAN pass (remove unused cells and wires).
4.1.10. Finished fast OPT passes.
4.2. Executing MEMORY_MAP pass (converting memories to logic and flip-flops).
4.3. Executing OPT pass (performing simple optimizations).
4.3.1. Executing OPT_EXPR pass (perform const folding).
4.3.2. Executing OPT_MERGE pass (detect identical cells).
4.3.3. Executing OPT_MUXTREE pass (detect dead branches in mux trees).
4.3.4. Executing OPT_REDUCE pass (consolidate $*mux and $reduce_* inputs).
4.3.5. Executing OPT_MERGE pass (detect identical cells).
4.3.6. Executing OPT_SHARE pass.
4.3.7. Executing OPT_DFF pass (perform DFF optimizations).
4.3.8. Executing OPT_CLEAN pass (remove unused cells and wires).
4.3.9. Executing OPT_EXPR pass (perform const folding).
4.3.10. Rerunning OPT passes. (Maybe there is more to do..)
4.3.11. Executing OPT_MUXTREE pass (detect dead branches in mux trees).
4.3.12. Executing OPT_REDUCE pass (consolidate $*mux and $reduce_* inputs).
4.3.13. Executing OPT_MERGE pass (detect identical cells).
4.3.14. Executing OPT_SHARE pass.
4.3.15. Executing OPT_DFF pass (perform DFF optimizations).
4.3.16. Executing OPT_CLEAN pass (remove unused cells and wires).
4.3.17. Executing OPT_EXPR pass (perform const folding).
4.3.18. Rerunning OPT passes. (Maybe there is more to do..)
4.3.19. Executing OPT_MUXTREE pass (detect dead branches in mux trees).
4.3.20. Executing OPT_REDUCE pass (consolidate $*mux and $reduce_* inputs).
4.3.21. Executing OPT_MERGE pass (detect identical cells).
4.3.22. Executing OPT_SHARE pass.
4.3.23. Executing OPT_DFF pass (perform DFF optimizations).
4.3.24. Executing OPT_CLEAN pass (remove unused cells and wires).
4.3.25. Executing OPT_EXPR pass (perform const folding).
4.3.26. Rerunning OPT passes. (Maybe there is more to do..)
4.3.27. Executing OPT_MUXTREE pass (detect dead branches in mux trees).
4.3.28. Executing OPT_REDUCE pass (consolidate $*mux and $reduce_* inputs).
4.3.29. Executing OPT_MERGE pass (detect identical cells).
4.3.30. Executing OPT_SHARE pass.
4.3.31. Executing OPT_DFF pass (perform DFF optimizations).
4.3.32. Executing OPT_CLEAN pass (remove unused cells and wires).
4.3.33. Executing OPT_EXPR pass (perform const folding).
4.3.34. Finished fast OPT passes. (There is nothing left to do.)
4.4. Executing TECHMAP pass (map to technology primitives).
4.4.1. Executing Verilog-2005 frontend: /OpenROAD-flow-scripts/tools/install/yosys/bin/../share/yosys/techmap.v
4.4.2. Executing Verilog-2005 frontend: /OpenROAD-flow-scripts/flow/platforms/common/lcu_kogge_stone.v
4.4.3. Continuing TECHMAP pass.
4.5. Executing OPT pass (performing simple optimizations).
4.5.1. Executing OPT_EXPR pass (perform const folding).
4.5.2. Executing OPT_MERGE pass (detect identical cells).
4.5.3. Executing OPT_DFF pass (perform DFF optimizations).
4.5.4. Executing OPT_CLEAN pass (remove unused cells and wires).
4.5.5. Rerunning OPT passes. (Removed registers in this run.)
4.5.6. Executing OPT_EXPR pass (perform const folding).
4.5.7. Executing OPT_MERGE pass (detect identical cells).
4.5.8. Executing OPT_DFF pass (perform DFF optimizations).
4.5.9. Executing OPT_CLEAN pass (remove unused cells and wires).
4.5.10. Finished fast OPT passes.
4.6. Executing HIERARCHY pass (managing design hierarchy).
4.6.1. Analyzing design hierarchy..
4.6.2. Analyzing design hierarchy..
4.7. Printing statistics.
4.8. Executing CHECK pass (checking for obvious problems).
5. Executing OPT pass (performing simple optimizations).
5.1. Executing OPT_EXPR pass (perform const folding).
5.2. Executing OPT_MERGE pass (detect identical cells).
5.3. Executing OPT_MUXTREE pass (detect dead branches in mux trees).
5.4. Executing OPT_REDUCE pass (consolidate $*mux and $reduce_* inputs).
5.5. Executing OPT_MERGE pass (detect identical cells).
5.6. Executing OPT_DFF pass (perform DFF optimizations).
5.7. Executing OPT_CLEAN pass (remove unused cells and wires).
5.8. Executing OPT_EXPR pass (perform const folding).
5.9. Rerunning OPT passes. (Maybe there is more to do..)
5.10. Executing OPT_MUXTREE pass (detect dead branches in mux trees).
5.11. Executing OPT_REDUCE pass (consolidate $*mux and $reduce_* inputs).
5.12. Executing OPT_MERGE pass (detect identical cells).
5.13. Executing OPT_DFF pass (perform DFF optimizations).
5.14. Executing OPT_CLEAN pass (remove unused cells and wires).
5.15. Executing OPT_EXPR pass (perform const folding).
5.16. Finished fast OPT passes. (There is nothing left to do.)
6. Executing EXTRACT_FA pass (find and extract full/half adders).
7. Executing TECHMAP pass (map to technology primitives).
7.1. Executing Verilog-2005 frontend: /OpenROAD-flow-scripts/flow/platforms/asap7/yoSys/cells_adders_R.v
7.2. Continuing TECHMAP pass.
8. Executing TECHMAP pass (map to technology primitives).
8.1. Executing Verilog-2005 frontend: /OpenROAD-flow-scripts/tools/install/yosys/bin/../share/yosys/techmap.v
8.2. Continuing TECHMAP pass.
9. Executing OPT pass (performing simple optimizations).
9.1. Executing OPT_EXPR pass (perform const folding).
9.2. Executing OPT_MERGE pass (detect identical cells).
9.3. Executing OPT_DFF pass (perform DFF optimizations).
9.4. Executing OPT_CLEAN pass (remove unused cells and wires).
9.5. Finished fast OPT passes.
10. Executing TECHMAP pass (map to technology primitives).
10.1. Executing Verilog-2005 frontend: /OpenROAD-flow-scripts/flow/platforms/asap7/yoSys/cells_latch_R.v
10.2. Continuing TECHMAP pass.
11. Executing DFFLIBMAP pass (mapping DFF cells to sequential cells from liberty file).
11.1. Executing DFFLEGALIZE pass (convert FFs to types supported by the target).
12. Executing OPT pass (performing simple optimizations).
12.1. Executing OPT_EXPR pass (perform const folding).
12.2. Executing OPT_MERGE pass (detect identical cells).
12.3. Executing OPT_MUXTREE pass (detect dead branches in mux trees).
12.4. Executing OPT_REDUCE pass (consolidate $*mux and $reduce_* inputs).
12.5. Executing OPT_MERGE pass (detect identical cells).
12.6. Executing OPT_DFF pass (perform DFF optimizations).
12.7. Executing OPT_CLEAN pass (remove unused cells and wires).
12.8. Executing OPT_EXPR pass (perform const folding).
12.9. Rerunning OPT passes. (Maybe there is more to do..)
12.10. Executing OPT_MUXTREE pass (detect dead branches in mux trees).
12.11. Executing OPT_REDUCE pass (consolidate $*mux and $reduce_* inputs).
12.12. Executing OPT_MERGE pass (detect identical cells).
12.13. Executing OPT_DFF pass (perform DFF optimizations).
12.14. Executing OPT_CLEAN pass (remove unused cells and wires).
12.15. Executing OPT_EXPR pass (perform const folding).
12.16. Finished fast OPT passes. (There is nothing left to do.)
13. Executing SETUNDEF pass (replace undef values with defined constants).
abc -script /OpenROAD-flow-scripts/flow/scripts/abc_speed.script -liberty /OpenROAD-flow-scripts/flow/platforms/asap7/lib/NLDM/asap7sc7p5t_AO_RVT_FF_nldm_211120.lib.gz -liberty /OpenROAD-flow-scripts/flow/platforms/asap7/lib/NLDM/asap7sc7p5t_INVBUF_RVT_FF_nldm_220122.lib.gz -liberty /OpenROAD-flow-scripts/flow/platforms/asap7/lib/NLDM/asap7sc7p5t_OA_RVT_FF_nldm_211120.lib.gz -liberty /OpenROAD-flow-scripts/flow/platforms/asap7/lib/NLDM/asap7sc7p5t_SIMPLE_RVT_FF_nldm_211120.lib.gz -liberty /OpenROAD-flow-scripts/flow/platforms/asap7/lib/NLDM/asap7sc7p5t_SEQ_RVT_FF_nldm_220123.lib -dont_use *x1p*_ASAP7* -dont_use *xp*_ASAP7* -dont_use SDF* -dont_use ICG* -constr ./objects/asap7/cv32e40p_600/base/abc.constr -D 1667
14. Executing ABC pass (technology mapping using ABC).
14.1. Extracting gate netlist of module `\cv32e40p_core' to `<abc-temp-dir>/input.blif'..
14.1.1. Executed ABC.
14.1.2. Re-integrating ABC results.
Took 25 seconds: abc -script /OpenROAD-flow-scripts/flow/scripts/abc_speed.script -liberty /OpenROAD-flow-scripts/flow/platforms/asap7/lib/NLDM/asap7sc7p5t_AO_RVT_FF_nldm_211120.lib.gz -liberty /OpenROAD-flow-scripts/flow/platforms/asap7/lib/NLDM/asap7sc7p5t_INVBUF_RVT_FF_nldm_220122.lib.gz -liberty /OpenROAD-flow-scripts/flow/platforms/asap7/lib/NLDM/asap7sc7p5t_OA_RVT_FF_nldm_211120.lib.gz -liberty /OpenROAD-flow-scripts/flow/platforms/asap7/lib/NLDM/asap7sc7p5t_SIMPLE_RVT_FF_nldm_211120.lib.gz -liberty /OpenROAD-flow-scripts/flow/platforms/asap7/lib/NLDM/asap7sc7p5t_SEQ_RVT_FF_nldm_220123.lib -dont_use *x1p*_ASAP7* -dont_use *xp*_ASAP7* -dont_use SDF* -dont_use ICG* -constr ./objects/asap7/cv32e40p_600/base/abc.constr -D 1667
15. Executing SPLITNETS pass (splitting up multi-bit signals).
16. Executing OPT_CLEAN pass (remove unused cells and wires).
17. Executing HILOMAP pass (mapping to constant drivers).
18. Executing INSBUF pass (insert buffer cells for connected wires).
19. Executing CHECK pass (checking for obvious problems).
20. Printing statistics.
21. Executing CHECK pass (checking for obvious problems).
22. Executing Verilog backend.
22.1. Executing BMUXMAP pass.
22.2. Executing DEMUXMAP pass.
exec cp ./designs/asap7/cv32e40p/constraint_600.sdc ./results/asap7/cv32e40p_600/base/1_synth.sdc
End of script. Logfile hash: 7d6b88bc73, time: 47.82s, user: 26.38s, system: 0.49s, MEM: 244.12 MB peak
Yosys 0.64+post (git sha1 UNKNOWN-dirty, g++ 11.4.0-1ubuntu1~22.04.3 -fPIC -O3)
Time spent: 49% 1x abc (25 sec), 10% 43x opt_clean (5 sec), ...
Log                       Ext     Elapsed/s Peak Memory/MB sha1sum result [0:20)
1_2_yosys                 .v             47            245 276fd30c9290fa5e7b0e
cp ./designs/asap7/cv32e40p/constraint_600.sdc ./results/asap7/cv32e40p_600/base/1_2_yosys.sdc
/OpenROAD-flow-scripts/flow/scripts/flow.sh 1_synth synth_odb
Running synth_odb.tcl, stage 1_synth
source /OpenROAD-flow-scripts/flow/platforms/asap7/liberty_suppressions.tcl
read_liberty /OpenROAD-flow-scripts/flow/platforms/asap7/lib/NLDM/asap7sc7p5t_AO_RVT_FF_nldm_211120.lib.gz
read_liberty /OpenROAD-flow-scripts/flow/platforms/asap7/lib/NLDM/asap7sc7p5t_INVBUF_RVT_FF_nldm_220122.lib.gz
read_liberty /OpenROAD-flow-scripts/flow/platforms/asap7/lib/NLDM/asap7sc7p5t_OA_RVT_FF_nldm_211120.lib.gz
read_liberty /OpenROAD-flow-scripts/flow/platforms/asap7/lib/NLDM/asap7sc7p5t_SIMPLE_RVT_FF_nldm_211120.lib.gz
read_liberty /OpenROAD-flow-scripts/flow/platforms/asap7/lib/NLDM/asap7sc7p5t_SEQ_RVT_FF_nldm_220123.lib
[INFO ODB-0227] LEF file: /OpenROAD-flow-scripts/flow/platforms/asap7/lef/asap7_tech_1x_201209.lef, created 30 layers, 9 vias
[INFO ODB-0227] LEF file: /OpenROAD-flow-scripts/flow/platforms/asap7/lef/asap7sc7p5t_28_R_1x_220121a.lef, created 212 library cells
link_design cv32e40p_core
read_sdc ./results/asap7/cv32e40p_600/base/1_2_yosys.sdc
source /OpenROAD-flow-scripts/flow/platforms/asap7/setRC.tcl
eliminate_dead_logic
Removed 0 unused instances and 0 unused nets.
write_db ./results/asap7/cv32e40p_600/base/1_synth.odb
write_sdc -no_timestamp ./results/asap7/cv32e40p_600/base/1_synth.sdc
Log                       Ext     Elapsed/s Peak Memory/MB sha1sum result [0:20)
1_synth                   .odb            1            255 71186eb29c293e89ccea
1_synth                   .sdc                             26205ff30875ca01efea
/OpenROAD-flow-scripts/flow/scripts/flow.sh 2_1_floorplan floorplan
Running floorplan.tcl, stage 2_1_floorplan
source /OpenROAD-flow-scripts/flow/platforms/asap7/liberty_suppressions.tcl
read_liberty /OpenROAD-flow-scripts/flow/platforms/asap7/lib/NLDM/asap7sc7p5t_AO_RVT_FF_nldm_211120.lib.gz
read_liberty /OpenROAD-flow-scripts/flow/platforms/asap7/lib/NLDM/asap7sc7p5t_INVBUF_RVT_FF_nldm_220122.lib.gz
read_liberty /OpenROAD-flow-scripts/flow/platforms/asap7/lib/NLDM/asap7sc7p5t_OA_RVT_FF_nldm_211120.lib.gz
read_liberty /OpenROAD-flow-scripts/flow/platforms/asap7/lib/NLDM/asap7sc7p5t_SIMPLE_RVT_FF_nldm_211120.lib.gz
read_liberty /OpenROAD-flow-scripts/flow/platforms/asap7/lib/NLDM/asap7sc7p5t_SEQ_RVT_FF_nldm_220123.lib
read_db ./results/asap7/cv32e40p_600/base/1_synth.odb
read_sdc ./results/asap7/cv32e40p_600/base/1_synth.sdc
source /OpenROAD-flow-scripts/flow/platforms/asap7/setRC.tcl

==========================================================================
Floorplan check_setup
--------------------------------------------------------------------------
Warning: There are 304 input ports missing set_input_delay.
Warning: There are 113 output ports missing set_output_delay.
Warning: There are 132 unconstrained endpoints.
number instances in verilog is 26282
[WARNING IFP-0028] Core area lower left (2.000, 2.000) snapped to (2.052, 2.160).
[INFO IFP-0001] Added 725 rows of 3628 site asap7sc7p5t.
[INFO IFP-0100] Die BBox:  (  0.000  0.000 ) ( 200.000 200.000 ) um
[INFO IFP-0101] Core BBox: (  2.052  2.160 ) ( 197.964 197.910 ) um
[INFO IFP-0102] Core area:                        38349.774 um^2
[INFO IFP-0103] Total instances area:              3146.874 um^2
[INFO IFP-0104] Effective utilization:                0.082
[INFO IFP-0105] Number of instances:                  26282
source /OpenROAD-flow-scripts/flow/platforms/asap7/openRoad/make_tracks.tcl
source /OpenROAD-flow-scripts/flow/platforms/asap7/fastroute.tcl
Repair tie lo fanout...
[INFO RSZ-0042] Inserted 119 tie TIELOx1_ASAP7_75t_R instances.
Repair tie hi fanout...
[INFO RSZ-0042] Inserted 2154 tie TIEHIx1_ASAP7_75t_R instances.
repair_timing -setup_margin 0 -hold_margin 0 -repair_tns 100 -setup -skip_last_gasp -sequence unbuffer,sizeup,swap,vt_swap -verbose
[WARNING EST-0027] no estimated parasitics. Using wire load models.
[INFO RSZ-0100] Repair move sequence: UnbufferMove SizeUpMove SwapPinsMove 
[INFO RSZ-0098] No setup violations found
Default units for flow
 time 1ps
 capacitance 1fF
 resistance 1kohm
 voltage 1v
 current 1mA
 power 1pW
 distance 1um
   Layer   | Unit Resistance | Unit Capacitance 
           |       (kohm/um) |          (fF/um)
------------------------------------------------
        M1 |        7.04e-02 |         1.00e-10
        M2 |        2.97e-02 |         1.85e-01
        M3 |        3.13e-02 |         1.54e-01
        M4 |        1.80e-02 |         1.89e-01
        M5 |        1.90e-02 |         1.72e-01
        M6 |        1.19e-02 |         1.76e-01
        M7 |        1.25e-02 |         1.47e-01
        M8 |        0.00e+00 |         0.00e+00
        M9 |        0.00e+00 |         0.00e+00
       Pad |        0.00e+00 |         0.00e+00
------------------------------------------------

   Layer   | Via Resistance 
           |         (kohm) 
----------------------------
        V1 |       1.72e-02 
        V2 |       1.72e-02 
        V3 |       1.72e-02 
        V4 |       1.18e-02 
        V5 |       1.18e-02 
        V6 |       8.20e-03 
        V7 |       8.20e-03 
        V8 |       6.30e-03 
        V9 |       0.00e+00 
----------------------------
Report metrics stage 2, floorplan final...

==========================================================================
floorplan final report_design_area
--------------------------------------------------------------------------
Design area 3246 um^2 8% utilization.
write_db ./results/asap7/cv32e40p_600/base/2_1_floorplan.odb
write_sdc -no_timestamp ./results/asap7/cv32e40p_600/base/2_1_floorplan.sdc
Log                       Ext     Elapsed/s Peak Memory/MB sha1sum result [0:20)
2_1_floorplan             .odb            9            325 e6f57b3c103b6a717ff3
2_1_floorplan             .sdc                             26205ff30875ca01efea
/OpenROAD-flow-scripts/flow/scripts/flow.sh 2_2_floorplan_macro macro_place
Running macro_place.tcl, stage 2_2_floorplan_macro
source /OpenROAD-flow-scripts/flow/platforms/asap7/liberty_suppressions.tcl
read_liberty /OpenROAD-flow-scripts/flow/platforms/asap7/lib/NLDM/asap7sc7p5t_AO_RVT_FF_nldm_211120.lib.gz
read_liberty /OpenROAD-flow-scripts/flow/platforms/asap7/lib/NLDM/asap7sc7p5t_INVBUF_RVT_FF_nldm_220122.lib.gz
read_liberty /OpenROAD-flow-scripts/flow/platforms/asap7/lib/NLDM/asap7sc7p5t_OA_RVT_FF_nldm_211120.lib.gz
read_liberty /OpenROAD-flow-scripts/flow/platforms/asap7/lib/NLDM/asap7sc7p5t_SIMPLE_RVT_FF_nldm_211120.lib.gz
read_liberty /OpenROAD-flow-scripts/flow/platforms/asap7/lib/NLDM/asap7sc7p5t_SEQ_RVT_FF_nldm_220123.lib
read_db ./results/asap7/cv32e40p_600/base/2_1_floorplan.odb
read_sdc ./results/asap7/cv32e40p_600/base/2_1_floorplan.sdc
source /OpenROAD-flow-scripts/flow/platforms/asap7/setRC.tcl
No macros found: Skipping macro_placement
Design area 3246 um^2 8% utilization.
write_db ./results/asap7/cv32e40p_600/base/2_2_floorplan_macro.odb
Log                       Ext     Elapsed/s Peak Memory/MB sha1sum result [0:20)
2_2_floorplan_macro       .odb            1            232 e6f57b3c103b6a717ff3
/OpenROAD-flow-scripts/flow/scripts/flow.sh 2_3_floorplan_tapcell tapcell
Running tapcell.tcl, stage 2_3_floorplan_tapcell
source /OpenROAD-flow-scripts/flow/platforms/asap7/liberty_suppressions.tcl
read_liberty /OpenROAD-flow-scripts/flow/platforms/asap7/lib/NLDM/asap7sc7p5t_AO_RVT_FF_nldm_211120.lib.gz
read_liberty /OpenROAD-flow-scripts/flow/platforms/asap7/lib/NLDM/asap7sc7p5t_INVBUF_RVT_FF_nldm_220122.lib.gz
read_liberty /OpenROAD-flow-scripts/flow/platforms/asap7/lib/NLDM/asap7sc7p5t_OA_RVT_FF_nldm_211120.lib.gz
read_liberty /OpenROAD-flow-scripts/flow/platforms/asap7/lib/NLDM/asap7sc7p5t_SIMPLE_RVT_FF_nldm_211120.lib.gz
read_liberty /OpenROAD-flow-scripts/flow/platforms/asap7/lib/NLDM/asap7sc7p5t_SEQ_RVT_FF_nldm_220123.lib
read_db ./results/asap7/cv32e40p_600/base/2_2_floorplan_macro.odb
read_sdc ./results/asap7/cv32e40p_600/base/2_1_floorplan.sdc
source /OpenROAD-flow-scripts/flow/platforms/asap7/setRC.tcl
Tap and End Cap cell insertion
  TAP Cell          : TAPCELL_ASAP7_75t_R
  ENDCAP Cell       : TAPCELL_ASAP7_75t_R
  Halo Around Macro : 2 2
  TAP Cell Distance : 25
[INFO TAP-0004] Inserted 1450 endcaps.
[INFO TAP-0005] Inserted 2544 tapcells.
Design area 3363 um^2 9% utilization.
write_db ./results/asap7/cv32e40p_600/base/2_3_floorplan_tapcell.odb
Log                       Ext     Elapsed/s Peak Memory/MB sha1sum result [0:20)
2_3_floorplan_tapcell     .odb            1            218 69641a2b68899ac7b77d
/OpenROAD-flow-scripts/flow/scripts/flow.sh 2_4_floorplan_pdn pdn
Running pdn.tcl, stage 2_4_floorplan_pdn
source /OpenROAD-flow-scripts/flow/platforms/asap7/liberty_suppressions.tcl
read_liberty /OpenROAD-flow-scripts/flow/platforms/asap7/lib/NLDM/asap7sc7p5t_AO_RVT_FF_nldm_211120.lib.gz
read_liberty /OpenROAD-flow-scripts/flow/platforms/asap7/lib/NLDM/asap7sc7p5t_INVBUF_RVT_FF_nldm_220122.lib.gz
read_liberty /OpenROAD-flow-scripts/flow/platforms/asap7/lib/NLDM/asap7sc7p5t_OA_RVT_FF_nldm_211120.lib.gz
read_liberty /OpenROAD-flow-scripts/flow/platforms/asap7/lib/NLDM/asap7sc7p5t_SIMPLE_RVT_FF_nldm_211120.lib.gz
read_liberty /OpenROAD-flow-scripts/flow/platforms/asap7/lib/NLDM/asap7sc7p5t_SEQ_RVT_FF_nldm_220123.lib
read_db ./results/asap7/cv32e40p_600/base/2_3_floorplan_tapcell.odb
read_sdc ./results/asap7/cv32e40p_600/base/2_1_floorplan.sdc
source /OpenROAD-flow-scripts/flow/platforms/asap7/setRC.tcl
[INFO PDN-0001] Inserting grid: top
Design area 3363 um^2 9% utilization.
write_db ./results/asap7/cv32e40p_600/base/2_4_floorplan_pdn.odb
Log                       Ext     Elapsed/s Peak Memory/MB sha1sum result [0:20)
2_4_floorplan_pdn         .odb            1            249 9fc170a8ee5e04eb8654
cp ./results/asap7/cv32e40p_600/base/2_4_floorplan_pdn.odb ./results/asap7/cv32e40p_600/base/2_floorplan.odb
cp ./results/asap7/cv32e40p_600/base/2_1_floorplan.sdc ./results/asap7/cv32e40p_600/base/2_floorplan.sdc
=== Starting FREQ=${FREQ} ===
rm -f ./results/asap7/cv32e40p_700/base/1_* ./results/asap7/cv32e40p_700/base/mem*.json
rm -f ./reports/asap7/cv32e40p_700/base/synth_*
rm -f ./logs/asap7/cv32e40p_700/base/1_*
rm -f 
rm -f ./results/asap7/cv32e40p_700/base/clock_period.txt
rm -f ./results/asap7/cv32e40p_700/base/2_*floorplan*.odb ./results/asap7/cv32e40p_700/base/2_floorplan.sdc ./results/asap7/cv32e40p_700/base/2_*.v ./results/asap7/cv32e40p_700/base/2_*.def
rm -f ./reports/asap7/cv32e40p_700/base/2_*
rm -f ./logs/asap7/cv32e40p_700/base/2_*
mkdir -p results/asap7/cv32e40p_700/base/
echo 1429 > results/asap7/cv32e40p_700/base/clock_period.txt
/OpenROAD-flow-scripts/flow/scripts/synth.sh /OpenROAD-flow-scripts/flow/scripts/synth_canonicalize.tcl ./logs/asap7/cv32e40p_700/base/1_1_yosys_canonicalize.log
Using ABC speed script.
Extracting clock period from SDC file: ./results/asap7/cv32e40p_700/base/clock_period.txt
Setting clock period to 1429
1. Executing Liberty frontend: /OpenROAD-flow-scripts/flow/platforms/asap7/lib/NLDM/asap7sc7p5t_AO_RVT_FF_nldm_211120.lib.gz
2. Executing Liberty frontend: /OpenROAD-flow-scripts/flow/platforms/asap7/lib/NLDM/asap7sc7p5t_INVBUF_RVT_FF_nldm_220122.lib.gz
3. Executing Liberty frontend: /OpenROAD-flow-scripts/flow/platforms/asap7/lib/NLDM/asap7sc7p5t_OA_RVT_FF_nldm_211120.lib.gz
4. Executing Liberty frontend: /OpenROAD-flow-scripts/flow/platforms/asap7/lib/NLDM/asap7sc7p5t_SIMPLE_RVT_FF_nldm_211120.lib.gz
5. Executing Liberty frontend: /OpenROAD-flow-scripts/flow/platforms/asap7/lib/NLDM/asap7sc7p5t_SEQ_RVT_FF_nldm_220123.lib
6. Executing Liberty frontend: /OpenROAD-flow-scripts/flow/platforms/asap7/lib/NLDM/asap7sc7p5t_AO_RVT_FF_nldm_211120.lib.gz
7. Executing Liberty frontend: /OpenROAD-flow-scripts/flow/platforms/asap7/lib/NLDM/asap7sc7p5t_INVBUF_RVT_FF_nldm_220122.lib.gz
8. Executing Liberty frontend: /OpenROAD-flow-scripts/flow/platforms/asap7/lib/NLDM/asap7sc7p5t_OA_RVT_FF_nldm_211120.lib.gz
9. Executing Liberty frontend: /OpenROAD-flow-scripts/flow/platforms/asap7/lib/NLDM/asap7sc7p5t_SIMPLE_RVT_FF_nldm_211120.lib.gz
10. Executing Liberty frontend: /OpenROAD-flow-scripts/flow/platforms/asap7/lib/NLDM/asap7sc7p5t_SEQ_RVT_FF_nldm_220123.lib
11. Executing SLANG frontend.
11.1. Executing UNDRIVEN pass. (resolve undriven signals)
11.2. Executing PROC_CLEAN pass (remove empty switches from decision trees).
11.3. Executing TRIBUF pass.
11.4. Executing PROC_RMDEAD pass (remove dead branches from decision trees).
11.5. Executing PROC_PRUNE pass (remove redundant assignments in processes).
11.6. Executing PROC_INIT pass (extract init attributes).
11.7. Executing PROC_ROM pass (convert switches to ROMs).
11.8. Executing PROC_MUX pass (convert decision trees to multiplexers).
11.9. Executing PROC_CLEAN pass (remove empty switches from decision trees).
11.10. Executing OPT_EXPR pass (perform const folding).
12. Executing HIERARCHY pass (managing design hierarchy).
12.1. Analyzing design hierarchy..
12.2. Analyzing design hierarchy..
13. Executing OPT_CLEAN pass (remove unused cells and wires).
14. Executing RTLIL backend.
End of script. Logfile hash: ca9c84f11f, time: 1.69s, user: 1.73s, system: 0.07s, MEM: 100.60 MB peak
Yosys 0.64+post (git sha1 UNKNOWN-dirty, g++ 11.4.0-1ubuntu1~22.04.3 -fPIC -O3)
Time spent: 45% 2x read_slang (0 sec), 42% 12x read_liberty (0 sec), ...
Top level design units:
    cv32e40p_core

Build succeeded: 0 errors, 0 warnings
Log                       Ext     Elapsed/s Peak Memory/MB sha1sum result [0:20)
1_1_yosys_canonicalize    .rtlil          1            100 e8801e51e7e9efbb5c58
/OpenROAD-flow-scripts/flow/scripts/synth.sh /OpenROAD-flow-scripts/flow/scripts/synth.tcl ./logs/asap7/cv32e40p_700/base/1_2_yosys.log
Using ABC speed script.
Extracting clock period from SDC file: ./results/asap7/cv32e40p_700/base/clock_period.txt
Setting clock period to 1429
1. Executing RTLIL frontend.
2. Executing HIERARCHY pass (managing design hierarchy).
2.1. Analyzing design hierarchy..
2.2. Analyzing design hierarchy..
3. Executing SYNTH pass.
3.1. Executing HIERARCHY pass (managing design hierarchy).
3.1.1. Analyzing design hierarchy..
3.1.2. Analyzing design hierarchy..
3.2. Executing PROC pass (convert processes to netlists).
3.2.1. Executing PROC_CLEAN pass (remove empty switches from decision trees).
3.2.2. Executing PROC_RMDEAD pass (remove dead branches from decision trees).
3.2.3. Executing PROC_PRUNE pass (remove redundant assignments in processes).
3.2.4. Executing PROC_INIT pass (extract init attributes).
3.2.5. Executing PROC_ARST pass (detect async resets in processes).
3.2.6. Executing PROC_ROM pass (convert switches to ROMs).
3.2.7. Executing PROC_MUX pass (convert decision trees to multiplexers).
3.2.8. Executing PROC_DLATCH pass (convert process syncs to latches).
3.2.9. Executing PROC_DFF pass (convert process syncs to FFs).
3.2.10. Executing PROC_MEMWR pass (convert process memory writes to cells).
3.2.11. Executing PROC_CLEAN pass (remove empty switches from decision trees).
3.2.12. Executing OPT_EXPR pass (perform const folding).
3.3. Executing FLATTEN pass (flatten design).
3.4. Executing OPT_EXPR pass (perform const folding).
3.5. Executing OPT_CLEAN pass (remove unused cells and wires).
3.6. Executing CHECK pass (checking for obvious problems).
3.7. Executing OPT pass (performing simple optimizations).
3.7.1. Executing OPT_EXPR pass (perform const folding).
3.7.2. Executing OPT_MERGE pass (detect identical cells).
3.7.3. Executing OPT_MUXTREE pass (detect dead branches in mux trees).
3.7.4. Executing OPT_REDUCE pass (consolidate $*mux and $reduce_* inputs).
3.7.5. Executing OPT_MERGE pass (detect identical cells).
3.7.6. Executing OPT_DFF pass (perform DFF optimizations).
3.7.7. Executing OPT_CLEAN pass (remove unused cells and wires).
3.7.8. Executing OPT_EXPR pass (perform const folding).
3.7.9. Rerunning OPT passes. (Maybe there is more to do..)
3.7.10. Executing OPT_MUXTREE pass (detect dead branches in mux trees).
3.7.11. Executing OPT_REDUCE pass (consolidate $*mux and $reduce_* inputs).
3.7.12. Executing OPT_MERGE pass (detect identical cells).
3.7.13. Executing OPT_DFF pass (perform DFF optimizations).
3.7.14. Executing OPT_CLEAN pass (remove unused cells and wires).
3.7.15. Executing OPT_EXPR pass (perform const folding).
3.7.16. Rerunning OPT passes. (Maybe there is more to do..)
3.7.17. Executing OPT_MUXTREE pass (detect dead branches in mux trees).
3.7.18. Executing OPT_REDUCE pass (consolidate $*mux and $reduce_* inputs).
3.7.19. Executing OPT_MERGE pass (detect identical cells).
3.7.20. Executing OPT_DFF pass (perform DFF optimizations).
3.7.21. Executing OPT_CLEAN pass (remove unused cells and wires).
3.7.22. Executing OPT_EXPR pass (perform const folding).
3.7.23. Rerunning OPT passes. (Maybe there is more to do..)
3.7.24. Executing OPT_MUXTREE pass (detect dead branches in mux trees).
3.7.25. Executing OPT_REDUCE pass (consolidate $*mux and $reduce_* inputs).
3.7.26. Executing OPT_MERGE pass (detect identical cells).
3.7.27. Executing OPT_DFF pass (perform DFF optimizations).
3.7.28. Executing OPT_CLEAN pass (remove unused cells and wires).
3.7.29. Executing OPT_EXPR pass (perform const folding).
3.7.30. Finished fast OPT passes. (There is nothing left to do.)
3.8. Executing FSM pass (extract and optimize FSM).
3.8.1. Executing FSM_DETECT pass (finding FSMs in design).
3.8.2. Executing FSM_EXTRACT pass (extracting FSM from design).
3.8.3. Executing FSM_OPT pass (simple optimizations of FSMs).
3.8.4. Executing OPT_CLEAN pass (remove unused cells and wires).
3.8.5. Executing FSM_OPT pass (simple optimizations of FSMs).
3.8.6. Executing FSM_RECODE pass (re-assigning FSM state encoding).
3.8.7. Executing FSM_INFO pass (dumping all available information on FSM cells).
3.8.8. Executing FSM_MAP pass (mapping FSMs to basic logic).
3.9. Executing OPT pass (performing simple optimizations).
3.9.1. Executing OPT_EXPR pass (perform const folding).
3.9.2. Executing OPT_MERGE pass (detect identical cells).
3.9.3. Executing OPT_MUXTREE pass (detect dead branches in mux trees).
3.9.4. Executing OPT_REDUCE pass (consolidate $*mux and $reduce_* inputs).
3.9.5. Executing OPT_MERGE pass (detect identical cells).
3.9.6. Executing OPT_DFF pass (perform DFF optimizations).
3.9.7. Executing OPT_CLEAN pass (remove unused cells and wires).
3.9.8. Executing OPT_EXPR pass (perform const folding).
3.9.9. Rerunning OPT passes. (Maybe there is more to do..)
3.9.10. Executing OPT_MUXTREE pass (detect dead branches in mux trees).
3.9.11. Executing OPT_REDUCE pass (consolidate $*mux and $reduce_* inputs).
3.9.12. Executing OPT_MERGE pass (detect identical cells).
3.9.13. Executing OPT_DFF pass (perform DFF optimizations).
3.9.14. Executing OPT_CLEAN pass (remove unused cells and wires).
3.9.15. Executing OPT_EXPR pass (perform const folding).
3.9.16. Rerunning OPT passes. (Maybe there is more to do..)
3.9.17. Executing OPT_MUXTREE pass (detect dead branches in mux trees).
3.9.18. Executing OPT_REDUCE pass (consolidate $*mux and $reduce_* inputs).
3.9.19. Executing OPT_MERGE pass (detect identical cells).
3.9.20. Executing OPT_DFF pass (perform DFF optimizations).
3.9.21. Executing OPT_CLEAN pass (remove unused cells and wires).
3.9.22. Executing OPT_EXPR pass (perform const folding).
3.9.23. Rerunning OPT passes. (Maybe there is more to do..)
3.9.24. Executing OPT_MUXTREE pass (detect dead branches in mux trees).
3.9.25. Executing OPT_REDUCE pass (consolidate $*mux and $reduce_* inputs).
3.9.26. Executing OPT_MERGE pass (detect identical cells).
3.9.27. Executing OPT_DFF pass (perform DFF optimizations).
3.9.28. Executing OPT_CLEAN pass (remove unused cells and wires).
3.9.29. Executing OPT_EXPR pass (perform const folding).
3.9.30. Finished fast OPT passes. (There is nothing left to do.)
3.10. Executing WREDUCE pass (reducing word size of cells).
3.11. Executing PEEPOPT pass (run peephole optimizers).
3.12. Executing OPT_CLEAN pass (remove unused cells and wires).
3.13. Executing ALUMACC pass (create $alu and $macc cells).
3.14. Executing SHARE pass (SAT-based resource sharing).
3.15. Executing OPT pass (performing simple optimizations).
3.15.1. Executing OPT_EXPR pass (perform const folding).
3.15.2. Executing OPT_MERGE pass (detect identical cells).
3.15.3. Executing OPT_MUXTREE pass (detect dead branches in mux trees).
3.15.4. Executing OPT_REDUCE pass (consolidate $*mux and $reduce_* inputs).
3.15.5. Executing OPT_MERGE pass (detect identical cells).
3.15.6. Executing OPT_DFF pass (perform DFF optimizations).
3.15.7. Executing OPT_CLEAN pass (remove unused cells and wires).
3.15.8. Executing OPT_EXPR pass (perform const folding).
3.15.9. Rerunning OPT passes. (Maybe there is more to do..)
3.15.10. Executing OPT_MUXTREE pass (detect dead branches in mux trees).
3.15.11. Executing OPT_REDUCE pass (consolidate $*mux and $reduce_* inputs).
3.15.12. Executing OPT_MERGE pass (detect identical cells).
3.15.13. Executing OPT_DFF pass (perform DFF optimizations).
3.15.14. Executing OPT_CLEAN pass (remove unused cells and wires).
3.15.15. Executing OPT_EXPR pass (perform const folding).
3.15.16. Rerunning OPT passes. (Maybe there is more to do..)
3.15.17. Executing OPT_MUXTREE pass (detect dead branches in mux trees).
3.15.18. Executing OPT_REDUCE pass (consolidate $*mux and $reduce_* inputs).
3.15.19. Executing OPT_MERGE pass (detect identical cells).
3.15.20. Executing OPT_DFF pass (perform DFF optimizations).
3.15.21. Executing OPT_CLEAN pass (remove unused cells and wires).
3.15.22. Executing OPT_EXPR pass (perform const folding).
3.15.23. Rerunning OPT passes. (Maybe there is more to do..)
3.15.24. Executing OPT_MUXTREE pass (detect dead branches in mux trees).
3.15.25. Executing OPT_REDUCE pass (consolidate $*mux and $reduce_* inputs).
3.15.26. Executing OPT_MERGE pass (detect identical cells).
3.15.27. Executing OPT_DFF pass (perform DFF optimizations).
3.15.28. Executing OPT_CLEAN pass (remove unused cells and wires).
3.15.29. Executing OPT_EXPR pass (perform const folding).
3.15.30. Finished fast OPT passes. (There is nothing left to do.)
3.16. Executing MEMORY pass.
3.16.1. Executing OPT_MEM pass (optimize memories).
3.16.2. Executing OPT_MEM_PRIORITY pass (removing unnecessary memory write priority relations).
3.16.3. Executing OPT_MEM_FEEDBACK pass (finding memory read-to-write feedback paths).
3.16.4. Executing MEMORY_BMUX2ROM pass (converting muxes to ROMs).
3.16.5. Executing MEMORY_DFF pass (merging $dff cells to $memrd).
3.16.6. Executing OPT_CLEAN pass (remove unused cells and wires).
3.16.7. Executing MEMORY_SHARE pass (consolidating $memrd/$memwr cells).
3.16.8. Executing OPT_MEM_WIDEN pass (optimize memories where all ports are wide).
3.16.9. Executing OPT_CLEAN pass (remove unused cells and wires).
3.16.10. Executing MEMORY_COLLECT pass (generating $mem cells).
3.17. Executing OPT_CLEAN pass (remove unused cells and wires).
4. Executing SYNTH pass.
4.1. Executing OPT pass (performing simple optimizations).
4.1.1. Executing OPT_EXPR pass (perform const folding).
4.1.2. Executing OPT_MERGE pass (detect identical cells).
4.1.3. Executing OPT_DFF pass (perform DFF optimizations).
4.1.4. Executing OPT_CLEAN pass (remove unused cells and wires).
4.1.5. Rerunning OPT passes. (Removed registers in this run.)
4.1.6. Executing OPT_EXPR pass (perform const folding).
4.1.7. Executing OPT_MERGE pass (detect identical cells).
4.1.8. Executing OPT_DFF pass (perform DFF optimizations).
4.1.9. Executing OPT_CLEAN pass (remove unused cells and wires).
4.1.10. Finished fast OPT passes.
4.2. Executing MEMORY_MAP pass (converting memories to logic and flip-flops).
4.3. Executing OPT pass (performing simple optimizations).
4.3.1. Executing OPT_EXPR pass (perform const folding).
4.3.2. Executing OPT_MERGE pass (detect identical cells).
4.3.3. Executing OPT_MUXTREE pass (detect dead branches in mux trees).
4.3.4. Executing OPT_REDUCE pass (consolidate $*mux and $reduce_* inputs).
4.3.5. Executing OPT_MERGE pass (detect identical cells).
4.3.6. Executing OPT_SHARE pass.
4.3.7. Executing OPT_DFF pass (perform DFF optimizations).
4.3.8. Executing OPT_CLEAN pass (remove unused cells and wires).
4.3.9. Executing OPT_EXPR pass (perform const folding).
4.3.10. Rerunning OPT passes. (Maybe there is more to do..)
4.3.11. Executing OPT_MUXTREE pass (detect dead branches in mux trees).
4.3.12. Executing OPT_REDUCE pass (consolidate $*mux and $reduce_* inputs).
4.3.13. Executing OPT_MERGE pass (detect identical cells).
4.3.14. Executing OPT_SHARE pass.
4.3.15. Executing OPT_DFF pass (perform DFF optimizations).
4.3.16. Executing OPT_CLEAN pass (remove unused cells and wires).
4.3.17. Executing OPT_EXPR pass (perform const folding).
4.3.18. Rerunning OPT passes. (Maybe there is more to do..)
4.3.19. Executing OPT_MUXTREE pass (detect dead branches in mux trees).
4.3.20. Executing OPT_REDUCE pass (consolidate $*mux and $reduce_* inputs).
4.3.21. Executing OPT_MERGE pass (detect identical cells).
4.3.22. Executing OPT_SHARE pass.
4.3.23. Executing OPT_DFF pass (perform DFF optimizations).
4.3.24. Executing OPT_CLEAN pass (remove unused cells and wires).
4.3.25. Executing OPT_EXPR pass (perform const folding).
4.3.26. Rerunning OPT passes. (Maybe there is more to do..)
4.3.27. Executing OPT_MUXTREE pass (detect dead branches in mux trees).
4.3.28. Executing OPT_REDUCE pass (consolidate $*mux and $reduce_* inputs).
4.3.29. Executing OPT_MERGE pass (detect identical cells).
4.3.30. Executing OPT_SHARE pass.
4.3.31. Executing OPT_DFF pass (perform DFF optimizations).
4.3.32. Executing OPT_CLEAN pass (remove unused cells and wires).
4.3.33. Executing OPT_EXPR pass (perform const folding).
4.3.34. Finished fast OPT passes. (There is nothing left to do.)
4.4. Executing TECHMAP pass (map to technology primitives).
4.4.1. Executing Verilog-2005 frontend: /OpenROAD-flow-scripts/tools/install/yosys/bin/../share/yosys/techmap.v
4.4.2. Executing Verilog-2005 frontend: /OpenROAD-flow-scripts/flow/platforms/common/lcu_kogge_stone.v
4.4.3. Continuing TECHMAP pass.
4.5. Executing OPT pass (performing simple optimizations).
4.5.1. Executing OPT_EXPR pass (perform const folding).
4.5.2. Executing OPT_MERGE pass (detect identical cells).
4.5.3. Executing OPT_DFF pass (perform DFF optimizations).
4.5.4. Executing OPT_CLEAN pass (remove unused cells and wires).
4.5.5. Rerunning OPT passes. (Removed registers in this run.)
4.5.6. Executing OPT_EXPR pass (perform const folding).
4.5.7. Executing OPT_MERGE pass (detect identical cells).
4.5.8. Executing OPT_DFF pass (perform DFF optimizations).
4.5.9. Executing OPT_CLEAN pass (remove unused cells and wires).
4.5.10. Finished fast OPT passes.
4.6. Executing HIERARCHY pass (managing design hierarchy).
4.6.1. Analyzing design hierarchy..
4.6.2. Analyzing design hierarchy..
4.7. Printing statistics.
4.8. Executing CHECK pass (checking for obvious problems).
5. Executing OPT pass (performing simple optimizations).
5.1. Executing OPT_EXPR pass (perform const folding).
5.2. Executing OPT_MERGE pass (detect identical cells).
5.3. Executing OPT_MUXTREE pass (detect dead branches in mux trees).
5.4. Executing OPT_REDUCE pass (consolidate $*mux and $reduce_* inputs).
5.5. Executing OPT_MERGE pass (detect identical cells).
5.6. Executing OPT_DFF pass (perform DFF optimizations).
5.7. Executing OPT_CLEAN pass (remove unused cells and wires).
5.8. Executing OPT_EXPR pass (perform const folding).
5.9. Rerunning OPT passes. (Maybe there is more to do..)
5.10. Executing OPT_MUXTREE pass (detect dead branches in mux trees).
5.11. Executing OPT_REDUCE pass (consolidate $*mux and $reduce_* inputs).
5.12. Executing OPT_MERGE pass (detect identical cells).
5.13. Executing OPT_DFF pass (perform DFF optimizations).
5.14. Executing OPT_CLEAN pass (remove unused cells and wires).
5.15. Executing OPT_EXPR pass (perform const folding).
5.16. Finished fast OPT passes. (There is nothing left to do.)
6. Executing EXTRACT_FA pass (find and extract full/half adders).
7. Executing TECHMAP pass (map to technology primitives).
7.1. Executing Verilog-2005 frontend: /OpenROAD-flow-scripts/flow/platforms/asap7/yoSys/cells_adders_R.v
7.2. Continuing TECHMAP pass.
8. Executing TECHMAP pass (map to technology primitives).
8.1. Executing Verilog-2005 frontend: /OpenROAD-flow-scripts/tools/install/yosys/bin/../share/yosys/techmap.v
8.2. Continuing TECHMAP pass.
9. Executing OPT pass (performing simple optimizations).
9.1. Executing OPT_EXPR pass (perform const folding).
9.2. Executing OPT_MERGE pass (detect identical cells).
9.3. Executing OPT_DFF pass (perform DFF optimizations).
9.4. Executing OPT_CLEAN pass (remove unused cells and wires).
9.5. Finished fast OPT passes.
10. Executing TECHMAP pass (map to technology primitives).
10.1. Executing Verilog-2005 frontend: /OpenROAD-flow-scripts/flow/platforms/asap7/yoSys/cells_latch_R.v
10.2. Continuing TECHMAP pass.
11. Executing DFFLIBMAP pass (mapping DFF cells to sequential cells from liberty file).
11.1. Executing DFFLEGALIZE pass (convert FFs to types supported by the target).
12. Executing OPT pass (performing simple optimizations).
12.1. Executing OPT_EXPR pass (perform const folding).
12.2. Executing OPT_MERGE pass (detect identical cells).
12.3. Executing OPT_MUXTREE pass (detect dead branches in mux trees).
12.4. Executing OPT_REDUCE pass (consolidate $*mux and $reduce_* inputs).
12.5. Executing OPT_MERGE pass (detect identical cells).
12.6. Executing OPT_DFF pass (perform DFF optimizations).
12.7. Executing OPT_CLEAN pass (remove unused cells and wires).
12.8. Executing OPT_EXPR pass (perform const folding).
12.9. Rerunning OPT passes. (Maybe there is more to do..)
12.10. Executing OPT_MUXTREE pass (detect dead branches in mux trees).
12.11. Executing OPT_REDUCE pass (consolidate $*mux and $reduce_* inputs).
12.12. Executing OPT_MERGE pass (detect identical cells).
12.13. Executing OPT_DFF pass (perform DFF optimizations).
12.14. Executing OPT_CLEAN pass (remove unused cells and wires).
12.15. Executing OPT_EXPR pass (perform const folding).
12.16. Finished fast OPT passes. (There is nothing left to do.)
13. Executing SETUNDEF pass (replace undef values with defined constants).
abc -script /OpenROAD-flow-scripts/flow/scripts/abc_speed.script -liberty /OpenROAD-flow-scripts/flow/platforms/asap7/lib/NLDM/asap7sc7p5t_AO_RVT_FF_nldm_211120.lib.gz -liberty /OpenROAD-flow-scripts/flow/platforms/asap7/lib/NLDM/asap7sc7p5t_INVBUF_RVT_FF_nldm_220122.lib.gz -liberty /OpenROAD-flow-scripts/flow/platforms/asap7/lib/NLDM/asap7sc7p5t_OA_RVT_FF_nldm_211120.lib.gz -liberty /OpenROAD-flow-scripts/flow/platforms/asap7/lib/NLDM/asap7sc7p5t_SIMPLE_RVT_FF_nldm_211120.lib.gz -liberty /OpenROAD-flow-scripts/flow/platforms/asap7/lib/NLDM/asap7sc7p5t_SEQ_RVT_FF_nldm_220123.lib -dont_use *x1p*_ASAP7* -dont_use *xp*_ASAP7* -dont_use SDF* -dont_use ICG* -constr ./objects/asap7/cv32e40p_700/base/abc.constr -D 1429
14. Executing ABC pass (technology mapping using ABC).
14.1. Extracting gate netlist of module `\cv32e40p_core' to `<abc-temp-dir>/input.blif'..
14.1.1. Executed ABC.
14.1.2. Re-integrating ABC results.
Took 25 seconds: abc -script /OpenROAD-flow-scripts/flow/scripts/abc_speed.script -liberty /OpenROAD-flow-scripts/flow/platforms/asap7/lib/NLDM/asap7sc7p5t_AO_RVT_FF_nldm_211120.lib.gz -liberty /OpenROAD-flow-scripts/flow/platforms/asap7/lib/NLDM/asap7sc7p5t_INVBUF_RVT_FF_nldm_220122.lib.gz -liberty /OpenROAD-flow-scripts/flow/platforms/asap7/lib/NLDM/asap7sc7p5t_OA_RVT_FF_nldm_211120.lib.gz -liberty /OpenROAD-flow-scripts/flow/platforms/asap7/lib/NLDM/asap7sc7p5t_SIMPLE_RVT_FF_nldm_211120.lib.gz -liberty /OpenROAD-flow-scripts/flow/platforms/asap7/lib/NLDM/asap7sc7p5t_SEQ_RVT_FF_nldm_220123.lib -dont_use *x1p*_ASAP7* -dont_use *xp*_ASAP7* -dont_use SDF* -dont_use ICG* -constr ./objects/asap7/cv32e40p_700/base/abc.constr -D 1429
15. Executing SPLITNETS pass (splitting up multi-bit signals).
16. Executing OPT_CLEAN pass (remove unused cells and wires).
17. Executing HILOMAP pass (mapping to constant drivers).
18. Executing INSBUF pass (insert buffer cells for connected wires).
19. Executing CHECK pass (checking for obvious problems).
20. Printing statistics.
21. Executing CHECK pass (checking for obvious problems).
22. Executing Verilog backend.
22.1. Executing BMUXMAP pass.
22.2. Executing DEMUXMAP pass.
exec cp ./designs/asap7/cv32e40p/constraint_700.sdc ./results/asap7/cv32e40p_700/base/1_synth.sdc
End of script. Logfile hash: e05067caf3, time: 47.69s, user: 26.51s, system: 0.52s, MEM: 257.09 MB peak
Yosys 0.64+post (git sha1 UNKNOWN-dirty, g++ 11.4.0-1ubuntu1~22.04.3 -fPIC -O3)
Time spent: 48% 1x abc (25 sec), 10% 43x opt_clean (5 sec), ...
Log                       Ext     Elapsed/s Peak Memory/MB sha1sum result [0:20)
1_2_yosys                 .v             47            258 276fd30c9290fa5e7b0e
cp ./designs/asap7/cv32e40p/constraint_700.sdc ./results/asap7/cv32e40p_700/base/1_2_yosys.sdc
/OpenROAD-flow-scripts/flow/scripts/flow.sh 1_synth synth_odb
Running synth_odb.tcl, stage 1_synth
source /OpenROAD-flow-scripts/flow/platforms/asap7/liberty_suppressions.tcl
read_liberty /OpenROAD-flow-scripts/flow/platforms/asap7/lib/NLDM/asap7sc7p5t_AO_RVT_FF_nldm_211120.lib.gz
read_liberty /OpenROAD-flow-scripts/flow/platforms/asap7/lib/NLDM/asap7sc7p5t_INVBUF_RVT_FF_nldm_220122.lib.gz
read_liberty /OpenROAD-flow-scripts/flow/platforms/asap7/lib/NLDM/asap7sc7p5t_OA_RVT_FF_nldm_211120.lib.gz
read_liberty /OpenROAD-flow-scripts/flow/platforms/asap7/lib/NLDM/asap7sc7p5t_SIMPLE_RVT_FF_nldm_211120.lib.gz
read_liberty /OpenROAD-flow-scripts/flow/platforms/asap7/lib/NLDM/asap7sc7p5t_SEQ_RVT_FF_nldm_220123.lib
[INFO ODB-0227] LEF file: /OpenROAD-flow-scripts/flow/platforms/asap7/lef/asap7_tech_1x_201209.lef, created 30 layers, 9 vias
[INFO ODB-0227] LEF file: /OpenROAD-flow-scripts/flow/platforms/asap7/lef/asap7sc7p5t_28_R_1x_220121a.lef, created 212 library cells
link_design cv32e40p_core
read_sdc ./results/asap7/cv32e40p_700/base/1_2_yosys.sdc
source /OpenROAD-flow-scripts/flow/platforms/asap7/setRC.tcl
eliminate_dead_logic
Removed 0 unused instances and 0 unused nets.
write_db ./results/asap7/cv32e40p_700/base/1_synth.odb
write_sdc -no_timestamp ./results/asap7/cv32e40p_700/base/1_synth.sdc
Log                       Ext     Elapsed/s Peak Memory/MB sha1sum result [0:20)
1_synth                   .odb            1            254 71186eb29c293e89ccea
1_synth                   .sdc                             17f5835a1f57ee93b528
/OpenROAD-flow-scripts/flow/scripts/flow.sh 2_1_floorplan floorplan
Running floorplan.tcl, stage 2_1_floorplan
source /OpenROAD-flow-scripts/flow/platforms/asap7/liberty_suppressions.tcl
read_liberty /OpenROAD-flow-scripts/flow/platforms/asap7/lib/NLDM/asap7sc7p5t_AO_RVT_FF_nldm_211120.lib.gz
read_liberty /OpenROAD-flow-scripts/flow/platforms/asap7/lib/NLDM/asap7sc7p5t_INVBUF_RVT_FF_nldm_220122.lib.gz
read_liberty /OpenROAD-flow-scripts/flow/platforms/asap7/lib/NLDM/asap7sc7p5t_OA_RVT_FF_nldm_211120.lib.gz
read_liberty /OpenROAD-flow-scripts/flow/platforms/asap7/lib/NLDM/asap7sc7p5t_SIMPLE_RVT_FF_nldm_211120.lib.gz
read_liberty /OpenROAD-flow-scripts/flow/platforms/asap7/lib/NLDM/asap7sc7p5t_SEQ_RVT_FF_nldm_220123.lib
read_db ./results/asap7/cv32e40p_700/base/1_synth.odb
read_sdc ./results/asap7/cv32e40p_700/base/1_synth.sdc
source /OpenROAD-flow-scripts/flow/platforms/asap7/setRC.tcl

==========================================================================
Floorplan check_setup
--------------------------------------------------------------------------
Warning: There are 304 input ports missing set_input_delay.
Warning: There are 113 output ports missing set_output_delay.
Warning: There are 132 unconstrained endpoints.
number instances in verilog is 26282
[WARNING IFP-0028] Core area lower left (2.000, 2.000) snapped to (2.052, 2.160).
[INFO IFP-0001] Added 725 rows of 3628 site asap7sc7p5t.
[INFO IFP-0100] Die BBox:  (  0.000  0.000 ) ( 200.000 200.000 ) um
[INFO IFP-0101] Core BBox: (  2.052  2.160 ) ( 197.964 197.910 ) um
[INFO IFP-0102] Core area:                        38349.774 um^2
[INFO IFP-0103] Total instances area:              3146.874 um^2
[INFO IFP-0104] Effective utilization:                0.082
[INFO IFP-0105] Number of instances:                  26282
source /OpenROAD-flow-scripts/flow/platforms/asap7/openRoad/make_tracks.tcl
source /OpenROAD-flow-scripts/flow/platforms/asap7/fastroute.tcl
Repair tie lo fanout...
[INFO RSZ-0042] Inserted 119 tie TIELOx1_ASAP7_75t_R instances.
Repair tie hi fanout...
[INFO RSZ-0042] Inserted 2154 tie TIEHIx1_ASAP7_75t_R instances.
repair_timing -setup_margin 0 -hold_margin 0 -repair_tns 100 -setup -skip_last_gasp -sequence unbuffer,sizeup,swap,vt_swap -verbose
[WARNING EST-0027] no estimated parasitics. Using wire load models.
[INFO RSZ-0100] Repair move sequence: UnbufferMove SizeUpMove SwapPinsMove 
[INFO RSZ-0098] No setup violations found
Default units for flow
 time 1ps
 capacitance 1fF
 resistance 1kohm
 voltage 1v
 current 1mA
 power 1pW
 distance 1um
   Layer   | Unit Resistance | Unit Capacitance 
           |       (kohm/um) |          (fF/um)
------------------------------------------------
        M1 |        7.04e-02 |         1.00e-10
        M2 |        2.97e-02 |         1.85e-01
        M3 |        3.13e-02 |         1.54e-01
        M4 |        1.80e-02 |         1.89e-01
        M5 |        1.90e-02 |         1.72e-01
        M6 |        1.19e-02 |         1.76e-01
        M7 |        1.25e-02 |         1.47e-01
        M8 |        0.00e+00 |         0.00e+00
        M9 |        0.00e+00 |         0.00e+00
       Pad |        0.00e+00 |         0.00e+00
------------------------------------------------

   Layer   | Via Resistance 
           |         (kohm) 
----------------------------
        V1 |       1.72e-02 
        V2 |       1.72e-02 
        V3 |       1.72e-02 
        V4 |       1.18e-02 
        V5 |       1.18e-02 
        V6 |       8.20e-03 
        V7 |       8.20e-03 
        V8 |       6.30e-03 
        V9 |       0.00e+00 
----------------------------
Report metrics stage 2, floorplan final...

==========================================================================
floorplan final report_design_area
--------------------------------------------------------------------------
Design area 3246 um^2 8% utilization.
write_db ./results/asap7/cv32e40p_700/base/2_1_floorplan.odb
write_sdc -no_timestamp ./results/asap7/cv32e40p_700/base/2_1_floorplan.sdc
Log                       Ext     Elapsed/s Peak Memory/MB sha1sum result [0:20)
2_1_floorplan             .odb            9            325 e6f57b3c103b6a717ff3
2_1_floorplan             .sdc                             17f5835a1f57ee93b528
/OpenROAD-flow-scripts/flow/scripts/flow.sh 2_2_floorplan_macro macro_place
Running macro_place.tcl, stage 2_2_floorplan_macro
source /OpenROAD-flow-scripts/flow/platforms/asap7/liberty_suppressions.tcl
read_liberty /OpenROAD-flow-scripts/flow/platforms/asap7/lib/NLDM/asap7sc7p5t_AO_RVT_FF_nldm_211120.lib.gz
read_liberty /OpenROAD-flow-scripts/flow/platforms/asap7/lib/NLDM/asap7sc7p5t_INVBUF_RVT_FF_nldm_220122.lib.gz
read_liberty /OpenROAD-flow-scripts/flow/platforms/asap7/lib/NLDM/asap7sc7p5t_OA_RVT_FF_nldm_211120.lib.gz
read_liberty /OpenROAD-flow-scripts/flow/platforms/asap7/lib/NLDM/asap7sc7p5t_SIMPLE_RVT_FF_nldm_211120.lib.gz
read_liberty /OpenROAD-flow-scripts/flow/platforms/asap7/lib/NLDM/asap7sc7p5t_SEQ_RVT_FF_nldm_220123.lib
read_db ./results/asap7/cv32e40p_700/base/2_1_floorplan.odb
read_sdc ./results/asap7/cv32e40p_700/base/2_1_floorplan.sdc
source /OpenROAD-flow-scripts/flow/platforms/asap7/setRC.tcl
No macros found: Skipping macro_placement
Design area 3246 um^2 8% utilization.
write_db ./results/asap7/cv32e40p_700/base/2_2_floorplan_macro.odb
Log                       Ext     Elapsed/s Peak Memory/MB sha1sum result [0:20)
2_2_floorplan_macro       .odb            1            232 e6f57b3c103b6a717ff3
/OpenROAD-flow-scripts/flow/scripts/flow.sh 2_3_floorplan_tapcell tapcell
Running tapcell.tcl, stage 2_3_floorplan_tapcell
source /OpenROAD-flow-scripts/flow/platforms/asap7/liberty_suppressions.tcl
read_liberty /OpenROAD-flow-scripts/flow/platforms/asap7/lib/NLDM/asap7sc7p5t_AO_RVT_FF_nldm_211120.lib.gz
read_liberty /OpenROAD-flow-scripts/flow/platforms/asap7/lib/NLDM/asap7sc7p5t_INVBUF_RVT_FF_nldm_220122.lib.gz
read_liberty /OpenROAD-flow-scripts/flow/platforms/asap7/lib/NLDM/asap7sc7p5t_OA_RVT_FF_nldm_211120.lib.gz
read_liberty /OpenROAD-flow-scripts/flow/platforms/asap7/lib/NLDM/asap7sc7p5t_SIMPLE_RVT_FF_nldm_211120.lib.gz
read_liberty /OpenROAD-flow-scripts/flow/platforms/asap7/lib/NLDM/asap7sc7p5t_SEQ_RVT_FF_nldm_220123.lib
read_db ./results/asap7/cv32e40p_700/base/2_2_floorplan_macro.odb
read_sdc ./results/asap7/cv32e40p_700/base/2_1_floorplan.sdc
source /OpenROAD-flow-scripts/flow/platforms/asap7/setRC.tcl
Tap and End Cap cell insertion
  TAP Cell          : TAPCELL_ASAP7_75t_R
  ENDCAP Cell       : TAPCELL_ASAP7_75t_R
  Halo Around Macro : 2 2
  TAP Cell Distance : 25
[INFO TAP-0004] Inserted 1450 endcaps.
[INFO TAP-0005] Inserted 2544 tapcells.
Design area 3363 um^2 9% utilization.
write_db ./results/asap7/cv32e40p_700/base/2_3_floorplan_tapcell.odb
Log                       Ext     Elapsed/s Peak Memory/MB sha1sum result [0:20)
2_3_floorplan_tapcell     .odb            1            218 69641a2b68899ac7b77d
/OpenROAD-flow-scripts/flow/scripts/flow.sh 2_4_floorplan_pdn pdn
Running pdn.tcl, stage 2_4_floorplan_pdn
source /OpenROAD-flow-scripts/flow/platforms/asap7/liberty_suppressions.tcl
read_liberty /OpenROAD-flow-scripts/flow/platforms/asap7/lib/NLDM/asap7sc7p5t_AO_RVT_FF_nldm_211120.lib.gz
read_liberty /OpenROAD-flow-scripts/flow/platforms/asap7/lib/NLDM/asap7sc7p5t_INVBUF_RVT_FF_nldm_220122.lib.gz
read_liberty /OpenROAD-flow-scripts/flow/platforms/asap7/lib/NLDM/asap7sc7p5t_OA_RVT_FF_nldm_211120.lib.gz
read_liberty /OpenROAD-flow-scripts/flow/platforms/asap7/lib/NLDM/asap7sc7p5t_SIMPLE_RVT_FF_nldm_211120.lib.gz
read_liberty /OpenROAD-flow-scripts/flow/platforms/asap7/lib/NLDM/asap7sc7p5t_SEQ_RVT_FF_nldm_220123.lib
read_db ./results/asap7/cv32e40p_700/base/2_3_floorplan_tapcell.odb
read_sdc ./results/asap7/cv32e40p_700/base/2_1_floorplan.sdc
source /OpenROAD-flow-scripts/flow/platforms/asap7/setRC.tcl
[INFO PDN-0001] Inserting grid: top
Design area 3363 um^2 9% utilization.
write_db ./results/asap7/cv32e40p_700/base/2_4_floorplan_pdn.odb
Log                       Ext     Elapsed/s Peak Memory/MB sha1sum result [0:20)
2_4_floorplan_pdn         .odb            1            249 9fc170a8ee5e04eb8654
cp ./results/asap7/cv32e40p_700/base/2_4_floorplan_pdn.odb ./results/asap7/cv32e40p_700/base/2_floorplan.odb
cp ./results/asap7/cv32e40p_700/base/2_1_floorplan.sdc ./results/asap7/cv32e40p_700/base/2_floorplan.sdc
